[MAX_PLAYERS] startup context=main, configured=12, effective=12
LOADDATA START
LOADDATA images sss
LOADDATA interfacece
LOADSOUNDS START
LOADSOUNDS try sounds
LOADSOUNDS vfirewasted etc
LOADSOUNDS vfirewasted etc
LOADSOUNDS vfirewasted etc
LOADSOUNDS vfirewasted etc
LOADSOUNDS vfirewasted etc
LOADSOUNDS vfirewasted etc
LOADSOUNDS vfirewasted etc
LOADSOUNDS vfirewasted etc
LOADSOUNDS vfirewasted etc
LOADSOUNDS vfirewasted etc
LOADSOUNDS vfirewasted etc
LOADSOUNDS vfirewasted etc
LOADSOUNDS vfirewasted etc
LOADSOUNDS vfirewasted etc
LOADSOUNDS vfirewasted etc
LOADSOUNDS vfirewasted etc
LOADSOUNDS vfirewasted etc
LOADSOUNDS vfirewasted etc
LOADSOUNDS vfirewasted etc
LOADSOUNDS vfirewasted etc
LOADSOUNDS vfirewasted etc
LOADSOUNDS vfirewasted etc
LOADSOUNDS vfirewasted etc
LOADSOUNDS vfirewasted etc
LOADSOUNDS vfirewasted etc
LOADSOUNDS vfirewasted etc
LOADSOUNDS vfirewasted etc
LOADSOUNDS vfirewasted etc
LOADSOUNDS vfirewasted etc
LOADSOUNDS vfirewasted etc
LOADSOUNDS vfirewasted etc
LOADSOUNDS vfirewasted etc
LOADSOUNDS vfirewasted etc
LOADSOUNDS vfirewasted etc
LOADSOUNDS vfirewasted etc
LOADSOUNDS vfirewasted etc
LOADSOUNDS vfirewasted etc
LOADSOUNDS vfirewasted etc
LOADSOUNDS vfirewasted etc
LOADSOUNDS vfirewasted etc
LOADSOUNDS vfirewasted etc
LOADSOUNDS vfirewasted etc
LOADSOUNDS vfirewasted etc
LOADSOUNDS vfirewasted etc
LOADSOUNDS vfirewasted etc
LOADSOUNDS vfirewasted etc
LOADSOUNDS vfirewasted etc
LOADSOUNDS vfirewasted etc
LOADSOUNDS vfirewasted etc
LOADSOUNDS vfirewasted etc
LOADSOUNDS vfirewasted etc
LOADSOUNDS vfirewasted etc
LOADSOUNDS vfirewasted etc
LOADSOUNDS vfirewasted etc
LOADSOUNDS vfirewasted etc
LOADSOUNDS vfirewasted etc
LOADDATA sounds lo sounds
[AUTOTEST] starting NFM1 at car-select transition
[STATE] fase=-2147483648 -> -9, stage=-2147483648 -> 26, gmode=1, multion=0, nplayers=12, loadedt=false
[MAX_PLAYERS] actual spawned car count=12
[MAX_PLAYERS] spawn[0] x=-350, z=-520
[MAX_PLAYERS] spawn[1] x=350, z=-520
[MAX_PLAYERS] spawn[2] x=1050, z=-520
[MAX_PLAYERS] spawn[3] x=1750, z=-520
[MAX_PLAYERS] spawn[4] x=-175, z=0
[MAX_PLAYERS] spawn[5] x=525, z=0
[MAX_PLAYERS] spawn[6] x=1225, z=0
[MAX_PLAYERS] spawn[7] x=1925, z=0
[MAX_PLAYERS] spawn[8] x=-350, z=520
[MAX_PLAYERS] spawn[9] x=350, z=520
[MAX_PLAYERS] spawn[10] x=1050, z=520
[MAX_PLAYERS] spawn[11] x=1750, z=520
[AUTOTEST] selected Lead Oxide for verification
[STATE] fase=-9 -> 7, stage=26 -> 26, gmode=1, multion=0, nplayers=12, loadedt=false
[LOADSTAGE] start fase=2, stage=8, name=hogan rewish, gmode=1, multion=0, cwd=C:\important\go-away-v6\need-for-madness-mimita\.
[MAX_PLAYERS] actual spawned car count=12
[MAX_PLAYERS] spawn[0] x=-350, z=-520
[MAX_PLAYERS] spawn[1] x=350, z=-520
[MAX_PLAYERS] spawn[2] x=1050, z=-520
[MAX_PLAYERS] spawn[3] x=1750, z=-520
[MAX_PLAYERS] spawn[4] x=-175, z=0
[MAX_PLAYERS] spawn[5] x=525, z=0
[MAX_PLAYERS] spawn[6] x=1225, z=0
[MAX_PLAYERS] spawn[7] x=1925, z=0
[MAX_PLAYERS] spawn[8] x=-350, z=520
[MAX_PLAYERS] spawn[9] x=350, z=520
[MAX_PLAYERS] spawn[10] x=1050, z=520
[MAX_PLAYERS] spawn[11] x=1750, z=520
[MAX_PLAYERS] slot 5 corrected before spawn to car id 5
[MAX_PLAYERS] slot 6 corrected before spawn to car id 6
[LOADSTAGE] end fase=1, stage=8, checkpoints=4, objects=343, trackers=728, trackname=, trackvol=200
[STATE] fase=7 -> 1, stage=26 -> 8, gmode=1, multion=0, nplayers=12, loadedt=false
[STATE] fase=1 -> 5, stage=8 -> 8, gmode=1, multion=0, nplayers=12, loadedt=false
[LOADMUSIC] start stage=8, trackname=, trackvol=200, loadedt=false
[LOADSTRACK] stage=8, trackname=, trackvol=200
[LOADMUSIC] end stage=8, fase=6, loadedt=true, strack=true
[STATE] fase=5 -> 6, stage=8 -> 8, gmode=1, multion=0, nplayers=12, loadedt=true
[STATE] fase=6 -> 0, stage=8 -> 8, gmode=1, multion=0, nplayers=12, loadedt=true
[AUTOTEST] pressing accelerator in gameplay
[SUPER_AIR] loop -2147483648 -> 0 at drive-start, cn=6, im=0
[SUPER_AIR] loop -2147483648 -> 0 at drive-start, cn=11, im=1
[SUPER_AIR] loop -2147483648 -> 0 at drive-start, cn=4, im=2
[SUPER_AIR] loop -2147483648 -> 0 at drive-start, cn=1, im=3
[SUPER_AIR] loop -2147483648 -> 0 at drive-start, cn=14, im=4
[SUPER_AIR] loop -2147483648 -> 0 at drive-start, cn=5, im=5
[SUPER_AIR] loop -2147483648 -> 0 at drive-start, cn=6, im=6
[SUPER_AIR] loop -2147483648 -> 0 at drive-start, cn=0, im=7
[SUPER_AIR] loop -2147483648 -> 0 at drive-start, cn=0, im=8
[SUPER_AIR] loop -2147483648 -> 0 at drive-start, cn=0, im=9
[SUPER_AIR] loop -2147483648 -> 0 at drive-start, cn=0, im=10
[SUPER_AIR] loop -2147483648 -> 0 at drive-start, cn=0, im=11
[SUPER_AIR] mtouch false -> true at drive-start, cn=6, im=0
[SUPER_AIR] wtouch false -> true at drive-start, cn=6, im=0
[SUPER_AIR] mtouch false -> true at drive-start, cn=11, im=1
[SUPER_AIR] wtouch false -> true at drive-start, cn=11, im=1
[SUPER_AIR] mtouch false -> true at drive-start, cn=4, im=2
[SUPER_AIR] wtouch false -> true at drive-start, cn=4, im=2
[SUPER_AIR] mtouch false -> true at drive-start, cn=1, im=3
[SUPER_AIR] wtouch false -> true at drive-start, cn=1, im=3
[SUPER_AIR] mtouch false -> true at drive-start, cn=14, im=4
[SUPER_AIR] wtouch false -> true at drive-start, cn=14, im=4
[SUPER_AIR] mtouch false -> true at drive-start, cn=5, im=5
[SUPER_AIR] wtouch false -> true at drive-start, cn=5, im=5
[SUPER_AIR] mtouch false -> true at drive-start, cn=6, im=6
[SUPER_AIR] wtouch false -> true at drive-start, cn=6, im=6
[SUPER_AIR] mtouch false -> true at drive-start, cn=0, im=7
[SUPER_AIR] wtouch false -> true at drive-start, cn=0, im=7
[SUPER_AIR] mtouch false -> true at drive-start, cn=0, im=8
[SUPER_AIR] wtouch false -> true at drive-start, cn=0, im=8
[SUPER_AIR] mtouch false -> true at drive-start, cn=0, im=9
[SUPER_AIR] wtouch false -> true at drive-start, cn=0, im=9
[SUPER_AIR] mtouch false -> true at drive-start, cn=0, im=10
[SUPER_AIR] wtouch false -> true at drive-start, cn=0, im=10
[SUPER_AIR] mtouch false -> true at drive-start, cn=0, im=11
[SUPER_AIR] wtouch false -> true at drive-start, cn=0, im=11
[SUPER_AIR] mtouch true -> false at drive-start, cn=0, im=8
[SUPER_AIR] mtouch true -> false at drive-start, cn=0, im=9
[SUPER_AIR] mtouch false -> true at drive-start, cn=0, im=8
[SUPER_AIR] mtouch false -> true at drive-start, cn=0, im=9
[SUPER_AIR] mtouch true -> false at drive-start, cn=0, im=7
[SUPER_AIR] mtouch true -> false at drive-start, cn=0, im=11
[SUPER_AIR] wtouch true -> false at drive-start, cn=0, im=11
[SUPER_AIR] wtouch true -> false at drive-start, cn=0, im=7
[SUPER_AIR] wtouch false -> true at drive-start, cn=0, im=7
[SUPER_AIR] wtouch true -> false at drive-start, cn=0, im=7
[SUPER_AIR] wtouch false -> true at drive-start, cn=0, im=7
[SUPER_AIR] wtouch true -> false at drive-start, cn=0, im=7
[SUPER_AIR] wtouch false -> true at drive-start, cn=0, im=7
[SUPER_AIR] mtouch false -> true at drive-start, cn=0, im=7
[SUPER_AIR] wtouch false -> true at drive-start, cn=0, im=11
[SUPER_AIR] wtouch true -> false at drive-start, cn=0, im=11
[SUPER_AIR] wtouch false -> true at drive-start, cn=0, im=11
[SUPER_AIR] wtouch true -> false at drive-start, cn=0, im=11
[SUPER_AIR] mtouch false -> true at drive-start, cn=0, im=11
[SUPER_AIR] wtouch false -> true at drive-start, cn=0, im=11
[SUPER_AIR] mtouch true -> false at drive-start, cn=1, im=3
[SUPER_AIR] mtouch true -> false at drive-start, cn=14, im=4
[SUPER_AIR] mtouch true -> false at drive-start, cn=6, im=0
[SUPER_AIR] mtouch false -> true at drive-start, cn=14, im=4
[SUPER_AIR] mtouch false -> true at drive-start, cn=6, im=0
[SUPER_AIR] mtouch false -> true at drive-start, cn=1, im=3
[SUPER_AIR] mtouch true -> false at drive-start, cn=14, im=4
[SUPER_AIR] mtouch true -> false at drive-start, cn=6, im=0
[SUPER_AIR] wtouch true -> false at drive-start, cn=14, im=4
[SUPER_AIR] mtouch false -> true at drive-start, cn=6, im=0
[SUPER_AIR] mtouch true -> false at drive-start, cn=6, im=0
[SUPER_AIR] wtouch true -> false at drive-start, cn=6, im=0
[SUPER_AIR] SPACE enabled cn=14, im=4, loop=0, y=-983
[SUPER_AIR] SPACE activation loop=0 -> 1, superAir=true
[SUPER_AIR] effective multipliers rot=1.22, build=1.22, airs=1.3, airc=100
[SUPER_AIR] loop 0 -> 2 at post-space, cn=14, im=4
[SUPER_AIR] superAir false -> true at post-space, cn=14, im=4
[SUPER_AIR] SPACE enabled cn=6, im=0, loop=0, y=-821
[SUPER_AIR] SPACE activation loop=0 -> 1, superAir=true
[SUPER_AIR] effective multipliers rot=1.22, build=1.22, airs=0.9, airc=40
[SUPER_AIR] loop 0 -> 2 at post-space, cn=6, im=0
[SUPER_AIR] superAir false -> true at post-space, cn=6, im=0
[SUPER_AIR] mtouch true -> false at drive-start, cn=0, im=7
[SUPER_AIR] mtouch false -> true at drive-start, cn=0, im=7
[SUPER_AIR] mtouch true -> false at drive-start, cn=0, im=7
[SUPER_AIR] mtouch false -> true at drive-start, cn=0, im=7
[SUPER_AIR] mtouch true -> false at drive-start, cn=0, im=7
[SUPER_AIR] wtouch true -> false at drive-start, cn=0, im=7
[SUPER_AIR] wtouch false -> true at drive-start, cn=6, im=0
[SUPER_AIR] loop 2 -> -1 at post-space, cn=6, im=0
[SUPER_AIR] mtouch false -> true at drive-start, cn=0, im=7
[SUPER_AIR] wtouch false -> true at drive-start, cn=0, im=7
[SUPER_AIR] mtouch true -> false at drive-start, cn=0, im=7
[SUPER_AIR] wtouch true -> false at drive-start, cn=6, im=0
[SUPER_AIR] wtouch false -> true at drive-start, cn=6, im=0
[SUPER_AIR] mtouch false -> true at drive-start, cn=6, im=0
[SUPER_AIR] disabled on landing cn=6, im=0
[SUPER_AIR] loop -1 -> 0 at post-space, cn=6, im=0
[SUPER_AIR] superAir true -> false at post-space, cn=6, im=0
[SUPER_AIR] mtouch true -> false at drive-start, cn=5, im=5
[SUPER_AIR] mtouch false -> true at drive-start, cn=5, im=5
[SUPER_AIR] wtouch true -> false at drive-start, cn=0, im=7
[SUPER_AIR] mtouch true -> false at drive-start, cn=5, im=5
[SUPER_AIR] wtouch false -> true at drive-start, cn=0, im=7
[SUPER_AIR] wtouch true -> false at drive-start, cn=5, im=5
[SUPER_AIR] mtouch false -> true at drive-start, cn=0, im=7
[SUPER_AIR] mtouch true -> false at drive-start, cn=4, im=2
[SUPER_AIR] wtouch true -> false at drive-start, cn=4, im=2
[SUPER_AIR] SPACE enabled cn=4, im=2, loop=0, y=-347
[SUPER_AIR] SPACE activation loop=0 -> 1, superAir=true
[SUPER_AIR] effective multipliers rot=1.22, build=1.22, airs=2.2, airc=30
[SUPER_AIR] loop 0 -> 2 at post-space, cn=4, im=2
[SUPER_AIR] superAir false -> true at post-space, cn=4, im=2
[SUPER_AIR] wtouch false -> true at drive-start, cn=14, im=4
[SUPER_AIR] loop 2 -> -1 at post-space, cn=14, im=4
[SUPER_AIR] wtouch true -> false at drive-start, cn=14, im=4
[SUPER_AIR] wtouch false -> true at drive-start, cn=5, im=5
[SUPER_AIR] wtouch true -> false at drive-start, cn=5, im=5
[SUPER_AIR] wtouch false -> true at drive-start, cn=5, im=5
[SUPER_AIR] mtouch false -> true at drive-start, cn=5, im=5
[SUPER_AIR] wtouch false -> true at drive-start, cn=14, im=4
[SUPER_AIR] wtouch true -> false at drive-start, cn=14, im=4
[SUPER_AIR] wtouch false -> true at drive-start, cn=14, im=4
[SUPER_AIR] mtouch false -> true at drive-start, cn=14, im=4
[SUPER_AIR] disabled on landing cn=14, im=4
[SUPER_AIR] loop -1 -> 0 at post-space, cn=14, im=4
[SUPER_AIR] superAir true -> false at post-space, cn=14, im=4
[SUPER_AIR] wtouch false -> true at drive-start, cn=4, im=2
[SUPER_AIR] loop 2 -> -1 at post-space, cn=4, im=2
[SUPER_AIR] wtouch true -> false at drive-start, cn=4, im=2
[SUPER_AIR] mtouch true -> false at drive-start, cn=1, im=3
[SUPER_AIR] mtouch false -> true at drive-start, cn=1, im=3
[SUPER_AIR] mtouch true -> false at drive-start, cn=1, im=3
[SUPER_AIR] wtouch true -> false at drive-start, cn=1, im=3
[SUPER_AIR] SPACE enabled cn=1, im=3, loop=0, y=-2358
[SUPER_AIR] SPACE activation loop=0 -> 1, superAir=true
[SUPER_AIR] effective multipliers rot=1.22, build=1.22, airs=1.2, airc=30
[SUPER_AIR] loop 0 -> 2 at post-space, cn=1, im=3
[SUPER_AIR] superAir false -> true at post-space, cn=1, im=3
[SUPER_AIR] mtouch true -> false at drive-start, cn=0, im=9
[SUPER_AIR] wtouch false -> true at drive-start, cn=4, im=2
[SUPER_AIR] wtouch true -> false at drive-start, cn=0, im=9
[SUPER_AIR] wtouch true -> false at drive-start, cn=4, im=2
[SUPER_AIR] wtouch false -> true at drive-start, cn=4, im=2
[SUPER_AIR] wtouch false -> true at drive-start, cn=0, im=9
[SUPER_AIR] wtouch true -> false at drive-start, cn=0, im=9
[SUPER_AIR] mtouch false -> true at drive-start, cn=4, im=2
[SUPER_AIR] disabled on landing cn=4, im=2
[SUPER_AIR] loop -1 -> 0 at post-space, cn=4, im=2
[SUPER_AIR] superAir true -> false at post-space, cn=4, im=2
[SUPER_AIR] wtouch false -> true at drive-start, cn=0, im=9
[SUPER_AIR] mtouch false -> true at drive-start, cn=0, im=9
[SUPER_AIR] mtouch true -> false at drive-start, cn=0, im=8
[SUPER_AIR] wtouch true -> false at drive-start, cn=0, im=8
[SUPER_AIR] SPACE enabled cn=0, im=8, loop=0, y=-1825
[SUPER_AIR] SPACE activation loop=0 -> 1, superAir=true
[SUPER_AIR] effective multipliers rot=1.22, build=1.22, airs=1.0, airc=70
[SUPER_AIR] loop 0 -> 2 at post-space, cn=0, im=8
[SUPER_AIR] superAir false -> true at post-space, cn=0, im=8
[SUPER_AIR] wtouch false -> true at drive-start, cn=1, im=3
[SUPER_AIR] loop 2 -> -1 at post-space, cn=1, im=3
[SUPER_AIR] mtouch true -> false at drive-start, cn=5, im=5
[SUPER_AIR] wtouch true -> false at drive-start, cn=1, im=3
[SUPER_AIR] wtouch true -> false at drive-start, cn=5, im=5
[SUPER_AIR] wtouch false -> true at drive-start, cn=1, im=3
[SUPER_AIR] wtouch false -> true at drive-start, cn=5, im=5
[SUPER_AIR] wtouch true -> false at drive-start, cn=5, im=5
[SUPER_AIR] mtouch false -> true at drive-start, cn=1, im=3
[SUPER_AIR] disabled on landing cn=1, im=3
[SUPER_AIR] loop -1 -> 0 at post-space, cn=1, im=3
[SUPER_AIR] superAir true -> false at post-space, cn=1, im=3
[SUPER_AIR] wtouch false -> true at drive-start, cn=5, im=5
[SUPER_AIR] mtouch true -> false at drive-start, cn=0, im=7
[SUPER_AIR] wtouch true -> false at drive-start, cn=5, im=5
[SUPER_AIR] wtouch true -> false at drive-start, cn=0, im=7
[SUPER_AIR] mtouch false -> true at drive-start, cn=5, im=5
[SUPER_AIR] wtouch false -> true at drive-start, cn=5, im=5
[SUPER_AIR] wtouch false -> true at drive-start, cn=0, im=8
[SUPER_AIR] loop 2 -> -1 at post-space, cn=0, im=8
[SUPER_AIR] wtouch true -> false at drive-start, cn=0, im=8
[SUPER_AIR] SPACE activation loop=-1 -> 1, superAir=true
[SUPER_AIR] loop -1 -> 2 at post-space, cn=0, im=8
[SUPER_AIR] wtouch false -> true at drive-start, cn=0, im=7
[SUPER_AIR] wtouch true -> false at drive-start, cn=0, im=7
[SUPER_AIR] wtouch false -> true at drive-start, cn=0, im=7
[SUPER_AIR] wtouch true -> false at drive-start, cn=0, im=7
[SUPER_AIR] mtouch true -> false at drive-start, cn=4, im=2
[SUPER_AIR] mtouch false -> true at drive-start, cn=4, im=2
[SUPER_AIR] wtouch false -> true at drive-start, cn=0, im=7
[SUPER_AIR] mtouch true -> false at drive-start, cn=4, im=2
[SUPER_AIR] wtouch false -> true at drive-start, cn=0, im=8
[SUPER_AIR] loop 2 -> -1 at post-space, cn=0, im=8
[SUPER_AIR] wtouch true -> false at drive-start, cn=4, im=2
[SUPER_AIR] wtouch true -> false at drive-start, cn=0, im=8
[SUPER_AIR] SPACE activation loop=-1 -> 1, superAir=true
[SUPER_AIR] loop -1 -> 2 at post-space, cn=0, im=8
[SUPER_AIR] mtouch false -> true at drive-start, cn=0, im=7
[SUPER_AIR] mtouch true -> false at drive-start, cn=1, im=3
[SUPER_AIR] wtouch true -> false at drive-start, cn=1, im=3
[SUPER_AIR] SPACE enabled cn=1, im=3, loop=0, y=-1093
[SUPER_AIR] SPACE activation loop=0 -> 1, superAir=true
[SUPER_AIR] effective multipliers rot=1.22, build=1.22, airs=1.2, airc=30
[SUPER_AIR] loop 0 -> 2 at post-space, cn=1, im=3
[SUPER_AIR] superAir false -> true at post-space, cn=1, im=3
[SUPER_AIR] mtouch true -> false at drive-start, cn=6, im=6
[SUPER_AIR] mtouch false -> true at drive-start, cn=6, im=6
[SUPER_AIR] mtouch true -> false at drive-start, cn=6, im=6
[SUPER_AIR] wtouch true -> false at drive-start, cn=6, im=6
[SUPER_AIR] SPACE enabled cn=6, im=6, loop=0, y=-222
[SUPER_AIR] SPACE activation loop=0 -> 1, superAir=true
[SUPER_AIR] effective multipliers rot=1.22, build=1.22, airs=0.9, airc=40
[SUPER_AIR] loop 0 -> 2 at post-space, cn=6, im=6
[SUPER_AIR] superAir false -> true at post-space, cn=6, im=6
[SUPER_AIR] wtouch false -> true at drive-start, cn=0, im=8
[SUPER_AIR] loop 2 -> -1 at post-space, cn=0, im=8
[SUPER_AIR] wtouch true -> false at drive-start, cn=0, im=8
[SUPER_AIR] SPACE activation loop=-1 -> 1, superAir=true
[SUPER_AIR] loop -1 -> 2 at post-space, cn=0, im=8
[SUPER_AIR] mtouch false -> true at drive-start, cn=4, im=2
[SUPER_AIR] wtouch false -> true at drive-start, cn=4, im=2
[SUPER_AIR] mtouch true -> false at drive-start, cn=4, im=2
[SUPER_AIR] wtouch true -> false at drive-start, cn=4, im=2
[SUPER_AIR] SPACE enabled cn=4, im=2, loop=0, y=142
[SUPER_AIR] SPACE activation loop=0 -> 1, superAir=true
[SUPER_AIR] effective multipliers rot=1.22, build=1.22, airs=2.2, airc=30
[SUPER_AIR] loop 0 -> 2 at post-space, cn=4, im=2
[SUPER_AIR] superAir false -> true at post-space, cn=4, im=2
[SUPER_AIR] wtouch false -> true at drive-start, cn=1, im=3
[SUPER_AIR] loop 2 -> -1 at post-space, cn=1, im=3
[SUPER_AIR] wtouch true -> false at drive-start, cn=1, im=3
[SUPER_AIR] wtouch false -> true at drive-start, cn=6, im=6
[SUPER_AIR] loop 2 -> -1 at post-space, cn=6, im=6
[SUPER_AIR] wtouch true -> false at drive-start, cn=6, im=6
[SUPER_AIR] wtouch false -> true at drive-start, cn=1, im=3
[SUPER_AIR] wtouch false -> true at drive-start, cn=0, im=8
[SUPER_AIR] loop 2 -> -1 at post-space, cn=0, im=8
[SUPER_AIR] wtouch true -> false at drive-start, cn=1, im=3
[SUPER_AIR] mtouch false -> true at drive-start, cn=1, im=3
[SUPER_AIR] wtouch false -> true at drive-start, cn=1, im=3
[SUPER_AIR] disabled on landing cn=1, im=3
[SUPER_AIR] loop -1 -> 0 at post-space, cn=1, im=3
[SUPER_AIR] superAir true -> false at post-space, cn=1, im=3
[SUPER_AIR] wtouch true -> false at drive-start, cn=0, im=8
[SUPER_AIR] SPACE activation loop=-1 -> 1, superAir=true
[SUPER_AIR] loop -1 -> 2 at post-space, cn=0, im=8
[SUPER_AIR] wtouch false -> true at drive-start, cn=4, im=2
[SUPER_AIR] loop 2 -> -1 at post-space, cn=4, im=2
[SUPER_AIR] wtouch true -> false at drive-start, cn=4, im=2
[SUPER_AIR] wtouch false -> true at drive-start, cn=6, im=6
[SUPER_AIR] wtouch true -> false at drive-start, cn=6, im=6
[SUPER_AIR] wtouch false -> true at drive-start, cn=6, im=6
[SUPER_AIR] mtouch false -> true at drive-start, cn=6, im=6
[SUPER_AIR] disabled on landing cn=6, im=6
[SUPER_AIR] loop -1 -> 0 at post-space, cn=6, im=6
[SUPER_AIR] superAir true -> false at post-space, cn=6, im=6
[SUPER_AIR] mtouch false -> true at drive-start, cn=4, im=2
[SUPER_AIR] wtouch false -> true at drive-start, cn=4, im=2
[SUPER_AIR] disabled on landing cn=4, im=2
[SUPER_AIR] loop -1 -> 0 at post-space, cn=4, im=2
[SUPER_AIR] superAir true -> false at post-space, cn=4, im=2
[SUPER_AIR] mtouch true -> false at drive-start, cn=4, im=2
[SUPER_AIR] mtouch false -> true at drive-start, cn=4, im=2
[SUPER_AIR] wtouch false -> true at drive-start, cn=0, im=8
[SUPER_AIR] loop 2 -> -1 at post-space, cn=0, im=8
[SUPER_AIR] mtouch true -> false at drive-start, cn=0, im=11
[SUPER_AIR] wtouch true -> false at drive-start, cn=0, im=8
[SUPER_AIR] SPACE activation loop=-1 -> 1, superAir=true
[SUPER_AIR] loop -1 -> 2 at post-space, cn=0, im=8
[SUPER_AIR] wtouch true -> false at drive-start, cn=0, im=11
[SUPER_AIR] mtouch true -> false at drive-start, cn=0, im=9
[SUPER_AIR] wtouch true -> false at drive-start, cn=0, im=9
[SUPER_AIR] SPACE enabled cn=0, im=9, loop=0, y=-141
[SUPER_AIR] SPACE activation loop=0 -> 1, superAir=true
[SUPER_AIR] effective multipliers rot=1.22, build=1.22, airs=1.0, airc=70
[SUPER_AIR] loop 0 -> 2 at post-space, cn=0, im=9
[SUPER_AIR] superAir false -> true at post-space, cn=0, im=9
[SUPER_AIR] mtouch true -> false at drive-start, cn=0, im=10
[SUPER_AIR] wtouch false -> true at drive-start, cn=0, im=11
[SUPER_AIR] wtouch true -> false at drive-start, cn=0, im=10
[SUPER_AIR] SPACE enabled cn=0, im=10, loop=0, y=-218
[SUPER_AIR] SPACE activation loop=0 -> 1, superAir=true
[SUPER_AIR] effective multipliers rot=1.22, build=1.22, airs=1.0, airc=70
[SUPER_AIR] loop 0 -> 2 at post-space, cn=0, im=10
[SUPER_AIR] superAir false -> true at post-space, cn=0, im=10
[SUPER_AIR] mtouch true -> false at drive-start, cn=5, im=5
[SUPER_AIR] wtouch true -> false at drive-start, cn=0, im=11
[SUPER_AIR] mtouch false -> true at drive-start, cn=5, im=5
[SUPER_AIR] mtouch true -> false at drive-start, cn=5, im=5
[SUPER_AIR] wtouch true -> false at drive-start, cn=5, im=5
[SUPER_AIR] SPACE enabled cn=5, im=5, loop=0, y=-342
[SUPER_AIR] SPACE activation loop=0 -> 1, superAir=true
[SUPER_AIR] effective multipliers rot=1.22, build=1.22, airs=1.0, airc=50
[SUPER_AIR] loop 0 -> 2 at post-space, cn=5, im=5
[SUPER_AIR] superAir false -> true at post-space, cn=5, im=5
[SUPER_AIR] wtouch false -> true at drive-start, cn=0, im=11
[SUPER_AIR] wtouch false -> true at drive-start, cn=0, im=8
[SUPER_AIR] loop 2 -> -1 at post-space, cn=0, im=8
[SUPER_AIR] wtouch true -> false at drive-start, cn=0, im=11
[SUPER_AIR] wtouch true -> false at drive-start, cn=0, im=8
[SUPER_AIR] SPACE activation loop=-1 -> 1, superAir=true
[SUPER_AIR] loop -1 -> 2 at post-space, cn=0, im=8
[SUPER_AIR] wtouch false -> true at drive-start, cn=0, im=11
[SUPER_AIR] mtouch false -> true at drive-start, cn=0, im=11
[SUPER_AIR] mtouch true -> false at drive-start, cn=0, im=11
[SUPER_AIR] wtouch true -> false at drive-start, cn=0, im=11
[SUPER_AIR] wtouch false -> true at drive-start, cn=0, im=11
[SUPER_AIR] wtouch true -> false at drive-start, cn=0, im=11
[SUPER_AIR] wtouch false -> true at drive-start, cn=0, im=9
[SUPER_AIR] loop 2 -> -1 at post-space, cn=0, im=9
[SUPER_AIR] wtouch true -> false at drive-start, cn=0, im=9
[SUPER_AIR] wtouch false -> true at drive-start, cn=0, im=11
[SUPER_AIR] mtouch false -> true at drive-start, cn=0, im=11
[SUPER_AIR] wtouch false -> true at drive-start, cn=0, im=9
[SUPER_AIR] mtouch false -> true at drive-start, cn=0, im=9
[SUPER_AIR] disabled on landing cn=0, im=9
[SUPER_AIR] loop -1 -> 0 at post-space, cn=0, im=9
[SUPER_AIR] superAir true -> false at post-space, cn=0, im=9
[SUPER_AIR] mtouch true -> false at drive-start, cn=0, im=9
[SUPER_AIR] wtouch false -> true at drive-start, cn=0, im=8
[SUPER_AIR] loop 2 -> -1 at post-space, cn=0, im=8
[SUPER_AIR] wtouch false -> true at drive-start, cn=0, im=10
[SUPER_AIR] loop 2 -> -1 at post-space, cn=0, im=10
[SUPER_AIR] wtouch true -> false at drive-start, cn=0, im=8
[SUPER_AIR] SPACE activation loop=-1 -> 1, superAir=true
[SUPER_AIR] loop -1 -> 2 at post-space, cn=0, im=8
[SUPER_AIR] mtouch false -> true at drive-start, cn=0, im=9
[SUPER_AIR] wtouch true -> false at drive-start, cn=0, im=10
[SUPER_AIR] SPACE activation loop=-1 -> 1, superAir=true
[SUPER_AIR] loop -1 -> 2 at post-space, cn=0, im=10
[SUPER_AIR] wtouch false -> true at drive-start, cn=5, im=5
[SUPER_AIR] loop 2 -> -1 at post-space, cn=5, im=5
[SUPER_AIR] wtouch true -> false at drive-start, cn=5, im=5
[SUPER_AIR] mtouch true -> false at drive-start, cn=0, im=11
[SUPER_AIR] wtouch true -> false at drive-start, cn=0, im=11
[SUPER_AIR] wtouch false -> true at drive-start, cn=5, im=5
[SUPER_AIR] wtouch true -> false at drive-start, cn=5, im=5
[SUPER_AIR] wtouch false -> true at drive-start, cn=5, im=5
[SUPER_AIR] mtouch false -> true at drive-start, cn=5, im=5
[SUPER_AIR] disabled on landing cn=5, im=5
[SUPER_AIR] loop -1 -> 0 at post-space, cn=5, im=5
[SUPER_AIR] superAir true -> false at post-space, cn=5, im=5
[SUPER_AIR] mtouch true -> false at drive-start, cn=1, im=3
[SUPER_AIR] mtouch false -> true at drive-start, cn=1, im=3
[SUPER_AIR] mtouch true -> false at drive-start, cn=0, im=9
[SUPER_AIR] wtouch true -> false at drive-start, cn=0, im=9
[SUPER_AIR] wtouch false -> true at drive-start, cn=0, im=11
[SUPER_AIR] mtouch true -> false at drive-start, cn=1, im=3
[SUPER_AIR] SPACE enabled cn=0, im=9, loop=0, y=-332
[SUPER_AIR] SPACE activation loop=0 -> 1, superAir=true
[SUPER_AIR] effective multipliers rot=1.22, build=1.22, airs=1.0, airc=70
[SUPER_AIR] loop 0 -> 2 at post-space, cn=0, im=9
[SUPER_AIR] superAir false -> true at post-space, cn=0, im=9
[SUPER_AIR] wtouch true -> false at drive-start, cn=1, im=3
[SUPER_AIR] SPACE enabled cn=1, im=3, loop=0, y=-2104
[SUPER_AIR] SPACE activation loop=0 -> 1, superAir=true
[SUPER_AIR] effective multipliers rot=1.22, build=1.22, airs=1.2, airc=30
[SUPER_AIR] loop 0 -> 2 at post-space, cn=1, im=3
[SUPER_AIR] superAir false -> true at post-space, cn=1, im=3
[SUPER_AIR] wtouch true -> false at drive-start, cn=0, im=11
[SUPER_AIR] mtouch true -> false at drive-start, cn=6, im=6
[SUPER_AIR] wtouch false -> true at drive-start, cn=0, im=10
[SUPER_AIR] loop 2 -> -1 at post-space, cn=0, im=10
[SUPER_AIR] mtouch false -> true at drive-start, cn=6, im=6
[SUPER_AIR] wtouch false -> true at drive-start, cn=0, im=8
[SUPER_AIR] loop 2 -> -1 at post-space, cn=0, im=8
[SUPER_AIR] wtouch false -> true at drive-start, cn=0, im=11
[SUPER_AIR] mtouch true -> false at drive-start, cn=6, im=6
[SUPER_AIR] wtouch true -> false at drive-start, cn=6, im=6
[SUPER_AIR] wtouch true -> false at drive-start, cn=0, im=8
[SUPER_AIR] SPACE activation loop=-1 -> 1, superAir=true
[SUPER_AIR] loop -1 -> 2 at post-space, cn=0, im=8
[SUPER_AIR] mtouch false -> true at drive-start, cn=0, im=11
[SUPER_AIR] wtouch true -> false at drive-start, cn=0, im=10
[SUPER_AIR] SPACE activation loop=-1 -> 1, superAir=true
[SUPER_AIR] loop -1 -> 2 at post-space, cn=0, im=10
[SUPER_AIR] SPACE enabled cn=6, im=6, loop=0, y=-3019
[SUPER_AIR] SPACE activation loop=0 -> 1, superAir=true
[SUPER_AIR] effective multipliers rot=1.22, build=1.22, airs=0.9, airc=40
[SUPER_AIR] loop 0 -> 2 at post-space, cn=6, im=6
[SUPER_AIR] superAir false -> true at post-space, cn=6, im=6
[SUPER_AIR] wtouch false -> true at drive-start, cn=0, im=9
[SUPER_AIR] loop 2 -> -1 at post-space, cn=0, im=9
[SUPER_AIR] wtouch true -> false at drive-start, cn=0, im=9
[SUPER_AIR] mtouch true -> false at drive-start, cn=5, im=5
[SUPER_AIR] wtouch true -> false at drive-start, cn=5, im=5
[SUPER_AIR] wtouch false -> true at drive-start, cn=5, im=5
[SUPER_AIR] wtouch false -> true at drive-start, cn=0, im=9
[SUPER_AIR] mtouch false -> true at drive-start, cn=5, im=5
[SUPER_AIR] mtouch false -> true at drive-start, cn=0, im=9
[SUPER_AIR] disabled on landing cn=0, im=9
[SUPER_AIR] loop -1 -> 0 at post-space, cn=0, im=9
[SUPER_AIR] superAir true -> false at post-space, cn=0, im=9
[SUPER_AIR] wtouch false -> true at drive-start, cn=0, im=8
[SUPER_AIR] loop 2 -> -1 at post-space, cn=0, im=8
[SUPER_AIR] wtouch true -> false at drive-start, cn=0, im=8
[SUPER_AIR] wtouch false -> true at drive-start, cn=0, im=8
[SUPER_AIR] wtouch true -> false at drive-start, cn=0, im=8
[SUPER_AIR] wtouch false -> true at drive-start, cn=0, im=10
[SUPER_AIR] loop 2 -> -1 at post-space, cn=0, im=10
[SUPER_AIR] wtouch true -> false at drive-start, cn=0, im=10
[SUPER_AIR] wtouch false -> true at drive-start, cn=0, im=8
[SUPER_AIR] wtouch true -> false at drive-start, cn=0, im=8
[SUPER_AIR] SPACE activation loop=-1 -> 1, superAir=true
[SUPER_AIR] loop -1 -> 2 at post-space, cn=0, im=8
[SUPER_AIR] wtouch false -> true at drive-start, cn=1, im=3
[SUPER_AIR] loop 2 -> -1 at post-space, cn=1, im=3
[SUPER_AIR] wtouch true -> false at drive-start, cn=1, im=3
[SUPER_AIR] wtouch false -> true at drive-start, cn=0, im=10
[SUPER_AIR] wtouch true -> false at drive-start, cn=0, im=10
[SUPER_AIR] wtouch false -> true at drive-start, cn=1, im=3
[SUPER_AIR] wtouch true -> false at drive-start, cn=1, im=3
[SUPER_AIR] wtouch false -> true at drive-start, cn=0, im=10
[SUPER_AIR] mtouch false -> true at drive-start, cn=0, im=10
[SUPER_AIR] disabled on landing cn=0, im=10
[SUPER_AIR] loop -1 -> 0 at post-space, cn=0, im=10
[SUPER_AIR] superAir true -> false at post-space, cn=0, im=10
[SUPER_AIR] wtouch false -> true at drive-start, cn=1, im=3
[SUPER_AIR] mtouch false -> true at drive-start, cn=1, im=3
[SUPER_AIR] disabled on landing cn=1, im=3
[SUPER_AIR] loop -1 -> 0 at post-space, cn=1, im=3
[SUPER_AIR] superAir true -> false at post-space, cn=1, im=3
[SUPER_AIR] wtouch false -> true at drive-start, cn=6, im=6
[SUPER_AIR] loop 2 -> -1 at post-space, cn=6, im=6
[SUPER_AIR] wtouch true -> false at drive-start, cn=6, im=6
[SUPER_AIR] mtouch true -> false at drive-start, cn=1, im=3
[SUPER_AIR] mtouch false -> true at drive-start, cn=1, im=3
[SUPER_AIR] mtouch true -> false at drive-start, cn=1, im=3
[SUPER_AIR] wtouch true -> false at drive-start, cn=1, im=3
[SUPER_AIR] SPACE enabled cn=1, im=3, loop=0, y=-24
[SUPER_AIR] SPACE activation loop=0 -> 1, superAir=true
[SUPER_AIR] effective multipliers rot=1.22, build=1.22, airs=1.2, airc=30
[SUPER_AIR] loop 0 -> 2 at post-space, cn=1, im=3
[SUPER_AIR] superAir false -> true at post-space, cn=1, im=3
[SUPER_AIR] wtouch false -> true at drive-start, cn=0, im=8
[SUPER_AIR] loop 2 -> -1 at post-space, cn=0, im=8
[SUPER_AIR] wtouch true -> false at drive-start, cn=0, im=8
[SUPER_AIR] SPACE activation loop=-1 -> 1, superAir=true
[SUPER_AIR] loop -1 -> 2 at post-space, cn=0, im=8
[SUPER_AIR] mtouch false -> true at drive-start, cn=6, im=6
[SUPER_AIR] wtouch false -> true at drive-start, cn=6, im=6
[SUPER_AIR] disabled on landing cn=6, im=6
[SUPER_AIR] loop -1 -> 0 at post-space, cn=6, im=6
[SUPER_AIR] superAir true -> false at post-space, cn=6, im=6
[SUPER_AIR] wtouch false -> true at drive-start, cn=1, im=3
[SUPER_AIR] loop 2 -> -1 at post-space, cn=1, im=3
[SUPER_AIR] wtouch true -> false at drive-start, cn=1, im=3
[SUPER_AIR] wtouch false -> true at drive-start, cn=1, im=3
[SUPER_AIR] wtouch true -> false at drive-start, cn=1, im=3
[SUPER_AIR] mtouch true -> false at drive-start, cn=0, im=11
