[MAX_PLAYERS] startup context=main, configured=30, effective=30
LOADDATA START
LOADDATA images sss
LOADDATA interfacece
LOADSOUNDS START
LOADSOUNDS try sounds
LOADSOUNDS vfirewasted etc
LOADSOUNDS vfirewasted etc
LOADSOUNDS vfirewasted etc
LOADSOUNDS vfirewasted etc
LOADSOUNDS vfirewasted etc
LOADSOUNDS vfirewasted etc
LOADSOUNDS vfirewasted etc
LOADSOUNDS vfirewasted etc
LOADSOUNDS vfirewasted etc
LOADSOUNDS vfirewasted etc
LOADSOUNDS vfirewasted etc
LOADSOUNDS vfirewasted etc
LOADSOUNDS vfirewasted etc
LOADSOUNDS vfirewasted etc
LOADSOUNDS vfirewasted etc
LOADSOUNDS vfirewasted etc
LOADSOUNDS vfirewasted etc
LOADSOUNDS vfirewasted etc
LOADSOUNDS vfirewasted etc
LOADSOUNDS vfirewasted etc
LOADSOUNDS vfirewasted etc
LOADSOUNDS vfirewasted etc
LOADSOUNDS vfirewasted etc
LOADSOUNDS vfirewasted etc
LOADSOUNDS vfirewasted etc
LOADSOUNDS vfirewasted etc
LOADSOUNDS vfirewasted etc
LOADSOUNDS vfirewasted etc
LOADSOUNDS vfirewasted etc
LOADSOUNDS vfirewasted etc
LOADSOUNDS vfirewasted etc
LOADSOUNDS vfirewasted etc
LOADSOUNDS vfirewasted etc
LOADSOUNDS vfirewasted etc
LOADSOUNDS vfirewasted etc
LOADSOUNDS vfirewasted etc
LOADSOUNDS vfirewasted etc
LOADSOUNDS vfirewasted etc
LOADSOUNDS vfirewasted etc
LOADSOUNDS vfirewasted etc
LOADSOUNDS vfirewasted etc
LOADSOUNDS vfirewasted etc
LOADSOUNDS vfirewasted etc
LOADSOUNDS vfirewasted etc
LOADSOUNDS vfirewasted etc
LOADSOUNDS vfirewasted etc
LOADSOUNDS vfirewasted etc
LOADSOUNDS vfirewasted etc
LOADSOUNDS vfirewasted etc
LOADSOUNDS vfirewasted etc
LOADSOUNDS vfirewasted etc
LOADSOUNDS vfirewasted etc
LOADSOUNDS vfirewasted etc
LOADSOUNDS vfirewasted etc
LOADSOUNDS vfirewasted etc
LOADSOUNDS vfirewasted etc
LOADDATA sounds lo sounds
[AUTOTEST] starting NFM1 at car-select transition
[STATE] fase=-2147483648 -> -9, stage=-2147483648 -> 20, gmode=1, multion=0, nplayers=30, loadedt=false
[MAX_PLAYERS] actual spawned car count=30
[MAX_PLAYERS] spawn[0] x=-1050, z=-1040
[MAX_PLAYERS] spawn[1] x=-350, z=-1040
[MAX_PLAYERS] spawn[2] x=350, z=-1040
[MAX_PLAYERS] spawn[3] x=1050, z=-1040
[MAX_PLAYERS] spawn[4] x=1750, z=-1040
[MAX_PLAYERS] spawn[5] x=2450, z=-1040
[MAX_PLAYERS] spawn[6] x=-875, z=-520
[MAX_PLAYERS] spawn[7] x=-175, z=-520
[MAX_PLAYERS] spawn[8] x=525, z=-520
[MAX_PLAYERS] spawn[9] x=1225, z=-520
[MAX_PLAYERS] spawn[10] x=1925, z=-520
[MAX_PLAYERS] spawn[11] x=2625, z=-520
[MAX_PLAYERS] spawn[12] x=-1050, z=0
[MAX_PLAYERS] spawn[13] x=-350, z=0
[MAX_PLAYERS] spawn[14] x=350, z=0
[MAX_PLAYERS] spawn[15] x=1050, z=0
[MAX_PLAYERS] spawn[16] x=1750, z=0
[MAX_PLAYERS] spawn[17] x=2450, z=0
[MAX_PLAYERS] spawn[18] x=-875, z=520
[MAX_PLAYERS] spawn[19] x=-175, z=520
[MAX_PLAYERS] spawn[20] x=525, z=520
[MAX_PLAYERS] spawn[21] x=1225, z=520
[MAX_PLAYERS] spawn[22] x=1925, z=520
[MAX_PLAYERS] spawn[23] x=2625, z=520
[MAX_PLAYERS] spawn[24] x=-1050, z=1040
[MAX_PLAYERS] spawn[25] x=-350, z=1040
[MAX_PLAYERS] spawn[26] x=350, z=1040
[MAX_PLAYERS] spawn[27] x=1050, z=1040
[MAX_PLAYERS] spawn[28] x=1750, z=1040
[MAX_PLAYERS] spawn[29] x=2450, z=1040
[AUTOTEST] selected Lead Oxide for verification
[STATE] fase=-9 -> 7, stage=20 -> 20, gmode=1, multion=0, nplayers=30, loadedt=false
[AUTOTEST] pressing continue in fase=7
[LOADSTAGE] start fase=2, stage=8, name=hogan rewish, gmode=1, multion=0, cwd=C:\important\go-away-v6\need-for-madness-mimita\.
[MAX_PLAYERS] actual spawned car count=30
[MAX_PLAYERS] spawn[0] x=-1050, z=-1040
[MAX_PLAYERS] spawn[1] x=-350, z=-1040
[MAX_PLAYERS] spawn[2] x=350, z=-1040
[MAX_PLAYERS] spawn[3] x=1050, z=-1040
[MAX_PLAYERS] spawn[4] x=1750, z=-1040
[MAX_PLAYERS] spawn[5] x=2450, z=-1040
[MAX_PLAYERS] spawn[6] x=-875, z=-520
[MAX_PLAYERS] spawn[7] x=-175, z=-520
[MAX_PLAYERS] spawn[8] x=525, z=-520
[MAX_PLAYERS] spawn[9] x=1225, z=-520
[MAX_PLAYERS] spawn[10] x=1925, z=-520
[MAX_PLAYERS] spawn[11] x=2625, z=-520
[MAX_PLAYERS] spawn[12] x=-1050, z=0
[MAX_PLAYERS] spawn[13] x=-350, z=0
[MAX_PLAYERS] spawn[14] x=350, z=0
[MAX_PLAYERS] spawn[15] x=1050, z=0
[MAX_PLAYERS] spawn[16] x=1750, z=0
[MAX_PLAYERS] spawn[17] x=2450, z=0
[MAX_PLAYERS] spawn[18] x=-875, z=520
[MAX_PLAYERS] spawn[19] x=-175, z=520
[MAX_PLAYERS] spawn[20] x=525, z=520
[MAX_PLAYERS] spawn[21] x=1225, z=520
[MAX_PLAYERS] spawn[22] x=1925, z=520
[MAX_PLAYERS] spawn[23] x=2625, z=520
[MAX_PLAYERS] spawn[24] x=-1050, z=1040
[MAX_PLAYERS] spawn[25] x=-350, z=1040
[MAX_PLAYERS] spawn[26] x=350, z=1040
[MAX_PLAYERS] spawn[27] x=1050, z=1040
[MAX_PLAYERS] spawn[28] x=1750, z=1040
[MAX_PLAYERS] spawn[29] x=2450, z=1040
[MAX_PLAYERS] slot 5 corrected before spawn to car id 5
[MAX_PLAYERS] slot 6 corrected before spawn to car id 6
[LOADSTAGE] end fase=1, stage=8, checkpoints=4, objects=361, trackers=728, trackname=, trackvol=200
[STATE] fase=7 -> 1, stage=20 -> 8, gmode=1, multion=0, nplayers=30, loadedt=false
[AUTOTEST] pressing continue in fase=1
[STATE] fase=1 -> 5, stage=8 -> 8, gmode=1, multion=0, nplayers=30, loadedt=false
[LOADMUSIC] start stage=8, trackname=, trackvol=200, loadedt=false
[LOADSTRACK] stage=8, trackname=, trackvol=200
[LOADMUSIC] end stage=8, fase=6, loadedt=true, strack=true
[STATE] fase=5 -> 6, stage=8 -> 8, gmode=1, multion=0, nplayers=30, loadedt=true
[AUTOTEST] pressing continue in fase=6
[STATE] fase=6 -> 0, stage=8 -> 8, gmode=1, multion=0, nplayers=30, loadedt=true
[AUTOTEST] pressing accelerator in gameplay
[MAX_PLAYERS] frame timing nplayers=30, fase=0, avgMs=49, lastMs=51
[SUPER_AIR] loop -2147483648 -> 0 at drive-start, cn=6, im=0
[SUPER_AIR] loop -2147483648 -> 0 at drive-start, cn=0, im=1
[SUPER_AIR] loop -2147483648 -> 0 at drive-start, cn=1, im=2
[SUPER_AIR] loop -2147483648 -> 0 at drive-start, cn=11, im=3
[SUPER_AIR] loop -2147483648 -> 0 at drive-start, cn=14, im=4
[SUPER_AIR] loop -2147483648 -> 0 at drive-start, cn=5, im=5
[SUPER_AIR] loop -2147483648 -> 0 at drive-start, cn=6, im=6
[SUPER_AIR] loop -2147483648 -> 0 at drive-start, cn=0, im=7
[SUPER_AIR] loop -2147483648 -> 0 at drive-start, cn=0, im=8
[SUPER_AIR] loop -2147483648 -> 0 at drive-start, cn=0, im=9
[SUPER_AIR] loop -2147483648 -> 0 at drive-start, cn=0, im=10
[SUPER_AIR] loop -2147483648 -> 0 at drive-start, cn=0, im=11
[SUPER_AIR] loop -2147483648 -> 0 at drive-start, cn=0, im=12
[SUPER_AIR] loop -2147483648 -> 0 at drive-start, cn=0, im=13
[SUPER_AIR] loop -2147483648 -> 0 at drive-start, cn=0, im=14
[SUPER_AIR] loop -2147483648 -> 0 at drive-start, cn=0, im=15
[SUPER_AIR] loop -2147483648 -> 0 at drive-start, cn=0, im=16
[SUPER_AIR] loop -2147483648 -> 0 at drive-start, cn=0, im=17
[SUPER_AIR] loop -2147483648 -> 0 at drive-start, cn=0, im=18
[SUPER_AIR] loop -2147483648 -> 0 at drive-start, cn=0, im=19
[SUPER_AIR] loop -2147483648 -> 0 at drive-start, cn=0, im=20
[SUPER_AIR] loop -2147483648 -> 0 at drive-start, cn=0, im=21
[SUPER_AIR] loop -2147483648 -> 0 at drive-start, cn=0, im=22
[SUPER_AIR] loop -2147483648 -> 0 at drive-start, cn=0, im=23
[SUPER_AIR] loop -2147483648 -> 0 at drive-start, cn=0, im=24
[SUPER_AIR] loop -2147483648 -> 0 at drive-start, cn=0, im=25
[SUPER_AIR] loop -2147483648 -> 0 at drive-start, cn=0, im=26
[SUPER_AIR] loop -2147483648 -> 0 at drive-start, cn=0, im=27
[SUPER_AIR] loop -2147483648 -> 0 at drive-start, cn=0, im=28
[SUPER_AIR] loop -2147483648 -> 0 at drive-start, cn=0, im=29
[SUPER_AIR] mtouch false -> true at drive-start, cn=6, im=0
[SUPER_AIR] wtouch false -> true at drive-start, cn=6, im=0
[SUPER_AIR] mtouch false -> true at drive-start, cn=0, im=1
[SUPER_AIR] wtouch false -> true at drive-start, cn=0, im=1
[SUPER_AIR] mtouch false -> true at drive-start, cn=1, im=2
[SUPER_AIR] wtouch false -> true at drive-start, cn=1, im=2
[SUPER_AIR] mtouch false -> true at drive-start, cn=11, im=3
[SUPER_AIR] wtouch false -> true at drive-start, cn=11, im=3
[SUPER_AIR] mtouch false -> true at drive-start, cn=14, im=4
[SUPER_AIR] wtouch false -> true at drive-start, cn=14, im=4
[SUPER_AIR] mtouch false -> true at drive-start, cn=5, im=5
[SUPER_AIR] wtouch false -> true at drive-start, cn=5, im=5
[SUPER_AIR] mtouch false -> true at drive-start, cn=6, im=6
[SUPER_AIR] wtouch false -> true at drive-start, cn=6, im=6
[SUPER_AIR] mtouch false -> true at drive-start, cn=0, im=7
[SUPER_AIR] wtouch false -> true at drive-start, cn=0, im=7
[SUPER_AIR] mtouch false -> true at drive-start, cn=0, im=8
[SUPER_AIR] wtouch false -> true at drive-start, cn=0, im=8
[SUPER_AIR] mtouch false -> true at drive-start, cn=0, im=9
[SUPER_AIR] wtouch false -> true at drive-start, cn=0, im=9
[SUPER_AIR] mtouch false -> true at drive-start, cn=0, im=10
[SUPER_AIR] wtouch false -> true at drive-start, cn=0, im=10
[SUPER_AIR] mtouch false -> true at drive-start, cn=0, im=11
[SUPER_AIR] wtouch false -> true at drive-start, cn=0, im=11
[SUPER_AIR] mtouch false -> true at drive-start, cn=0, im=12
[SUPER_AIR] wtouch false -> true at drive-start, cn=0, im=12
[SUPER_AIR] mtouch false -> true at drive-start, cn=0, im=13
[SUPER_AIR] wtouch false -> true at drive-start, cn=0, im=13
[SUPER_AIR] mtouch false -> true at drive-start, cn=0, im=14
[SUPER_AIR] wtouch false -> true at drive-start, cn=0, im=14
[SUPER_AIR] mtouch false -> true at drive-start, cn=0, im=15
[SUPER_AIR] wtouch false -> true at drive-start, cn=0, im=15
[SUPER_AIR] mtouch false -> true at drive-start, cn=0, im=16
[SUPER_AIR] wtouch false -> true at drive-start, cn=0, im=16
[SUPER_AIR] mtouch false -> true at drive-start, cn=0, im=17
[SUPER_AIR] wtouch false -> true at drive-start, cn=0, im=17
[SUPER_AIR] mtouch false -> true at drive-start, cn=0, im=18
[SUPER_AIR] wtouch false -> true at drive-start, cn=0, im=18
[SUPER_AIR] mtouch false -> true at drive-start, cn=0, im=19
[SUPER_AIR] wtouch false -> true at drive-start, cn=0, im=19
[SUPER_AIR] mtouch false -> true at drive-start, cn=0, im=20
[SUPER_AIR] wtouch false -> true at drive-start, cn=0, im=20
[SUPER_AIR] mtouch false -> true at drive-start, cn=0, im=21
[SUPER_AIR] wtouch false -> true at drive-start, cn=0, im=21
[SUPER_AIR] mtouch false -> true at drive-start, cn=0, im=22
[SUPER_AIR] wtouch false -> true at drive-start, cn=0, im=22
[SUPER_AIR] mtouch false -> true at drive-start, cn=0, im=23
[SUPER_AIR] wtouch false -> true at drive-start, cn=0, im=23
[SUPER_AIR] mtouch false -> true at drive-start, cn=0, im=24
[SUPER_AIR] wtouch false -> true at drive-start, cn=0, im=24
[SUPER_AIR] mtouch false -> true at drive-start, cn=0, im=25
[SUPER_AIR] wtouch false -> true at drive-start, cn=0, im=25
[SUPER_AIR] mtouch false -> true at drive-start, cn=0, im=26
[SUPER_AIR] wtouch false -> true at drive-start, cn=0, im=26
[SUPER_AIR] mtouch false -> true at drive-start, cn=0, im=27
[SUPER_AIR] wtouch false -> true at drive-start, cn=0, im=27
[SUPER_AIR] mtouch false -> true at drive-start, cn=0, im=28
[SUPER_AIR] wtouch false -> true at drive-start, cn=0, im=28
[SUPER_AIR] mtouch false -> true at drive-start, cn=0, im=29
[SUPER_AIR] wtouch false -> true at drive-start, cn=0, im=29
[SUPER_AIR] mtouch true -> false at drive-start, cn=0, im=10
[SUPER_AIR] mtouch false -> true at drive-start, cn=0, im=10
[SUPER_AIR] mtouch true -> false at drive-start, cn=0, im=11
[SUPER_AIR] mtouch false -> true at drive-start, cn=0, im=11
[SUPER_AIR] mtouch true -> false at drive-start, cn=0, im=16
[SUPER_AIR] mtouch false -> true at drive-start, cn=0, im=16
[SUPER_AIR] mtouch true -> false at drive-start, cn=5, im=5
[SUPER_AIR] wtouch true -> false at drive-start, cn=5, im=5
[SUPER_AIR] mtouch true -> false at drive-start, cn=0, im=16
[SUPER_AIR] mtouch true -> false at drive-start, cn=0, im=23
[SUPER_AIR] mtouch true -> false at drive-start, cn=0, im=8
[SUPER_AIR] wtouch true -> false at drive-start, cn=0, im=23
[SUPER_AIR] wtouch true -> false at drive-start, cn=0, im=8
[SUPER_AIR] mtouch false -> true at drive-start, cn=0, im=16
[SUPER_AIR] wtouch false -> true at drive-start, cn=0, im=8
[SUPER_AIR] mtouch false -> true at drive-start, cn=0, im=8
[SUPER_AIR] wtouch false -> true at drive-start, cn=0, im=23
[SUPER_AIR] wtouch true -> false at drive-start, cn=0, im=23
[SUPER_AIR] wtouch false -> true at drive-start, cn=0, im=23
[SUPER_AIR] wtouch true -> false at drive-start, cn=0, im=23
[SUPER_AIR] wtouch false -> true at drive-start, cn=0, im=23
[SUPER_AIR] mtouch true -> false at drive-start, cn=0, im=28
[SUPER_AIR] wtouch false -> true at drive-start, cn=5, im=5
[SUPER_AIR] mtouch false -> true at drive-start, cn=0, im=23
[SUPER_AIR] mtouch false -> true at drive-start, cn=0, im=28
[SUPER_AIR] mtouch true -> false at drive-start, cn=0, im=29
[SUPER_AIR] mtouch true -> false at drive-start, cn=0, im=23
[SUPER_AIR] mtouch false -> true at drive-start, cn=0, im=29
[SUPER_AIR] mtouch true -> false at drive-start, cn=0, im=29
[SUPER_AIR] wtouch true -> false at drive-start, cn=5, im=5
[SUPER_AIR] mtouch true -> false at drive-start, cn=0, im=28
[SUPER_AIR] mtouch false -> true at drive-start, cn=0, im=29
[SUPER_AIR] mtouch true -> false at drive-start, cn=0, im=14
[SUPER_AIR] wtouch true -> false at drive-start, cn=0, im=23
[SUPER_AIR] wtouch true -> false at drive-start, cn=0, im=14
[SUPER_AIR] mtouch false -> true at drive-start, cn=0, im=28
[SUPER_AIR] mtouch true -> false at drive-start, cn=0, im=12
[SUPER_AIR] wtouch false -> true at drive-start, cn=5, im=5
[SUPER_AIR] SPACE enabled cn=0, im=23, loop=0, y=-444
[SUPER_AIR] SPACE activation loop=0 -> 1, superAir=true
[SUPER_AIR] effective multipliers rot=1.22, build=1.22, airs=1.0, airc=70
[SUPER_AIR] loop 0 -> 2 at post-space, cn=0, im=23
[SUPER_AIR] superAir false -> true at post-space, cn=0, im=23
[SUPER_AIR] mtouch true -> false at drive-start, cn=0, im=28
[SUPER_AIR] wtouch true -> false at drive-start, cn=5, im=5
[SUPER_AIR] wtouch true -> false at drive-start, cn=0, im=28
[SUPER_AIR] mtouch true -> false at drive-start, cn=0, im=29
[SUPER_AIR] wtouch false -> true at drive-start, cn=5, im=5
[SUPER_AIR] wtouch true -> false at drive-start, cn=0, im=12
[SUPER_AIR] mtouch true -> false at drive-start, cn=0, im=17
[SUPER_AIR] mtouch true -> false at drive-start, cn=0, im=24
[SUPER_AIR] mtouch true -> false at drive-start, cn=0, im=11
[SUPER_AIR] wtouch false -> true at drive-start, cn=0, im=12
[SUPER_AIR] wtouch true -> false at drive-start, cn=0, im=29
[SUPER_AIR] mtouch true -> false at drive-start, cn=0, im=15
[SUPER_AIR] wtouch true -> false at drive-start, cn=0, im=24
[SUPER_AIR] SPACE enabled cn=0, im=28, loop=0, y=-881
[SUPER_AIR] SPACE activation loop=0 -> 1, superAir=true
[SUPER_AIR] effective multipliers rot=1.22, build=1.22, airs=1.0, airc=70
[SUPER_AIR] loop 0 -> 2 at post-space, cn=0, im=28
[SUPER_AIR] superAir false -> true at post-space, cn=0, im=28
[SUPER_AIR] SPACE enabled cn=0, im=29, loop=0, y=-754
[SUPER_AIR] SPACE activation loop=0 -> 1, superAir=true
[SUPER_AIR] effective multipliers rot=1.22, build=1.22, airs=1.0, airc=70
[SUPER_AIR] loop 0 -> 2 at post-space, cn=0, im=29
[SUPER_AIR] superAir false -> true at post-space, cn=0, im=29
[SUPER_AIR] mtouch false -> true at drive-start, cn=5, im=5
[SUPER_AIR] mtouch true -> false at drive-start, cn=6, im=6
[SUPER_AIR] wtouch false -> true at drive-start, cn=0, im=24
[SUPER_AIR] mtouch false -> true at drive-start, cn=0, im=15
[SUPER_AIR] mtouch false -> true at drive-start, cn=0, im=24
[SUPER_AIR] wtouch true -> false at drive-start, cn=0, im=11
[SUPER_AIR] mtouch true -> false at drive-start, cn=0, im=15
[SUPER_AIR] mtouch false -> true at drive-start, cn=0, im=17
[SUPER_AIR] mtouch true -> false at drive-start, cn=0, im=24
[SUPER_AIR] wtouch false -> true at drive-start, cn=0, im=11
[SUPER_AIR] wtouch true -> false at drive-start, cn=0, im=15
[SUPER_AIR] wtouch true -> false at drive-start, cn=0, im=24
[SUPER_AIR] wtouch true -> false at drive-start, cn=0, im=11
[SUPER_AIR] wtouch false -> true at drive-start, cn=0, im=15
[SUPER_AIR] wtouch true -> false at drive-start, cn=6, im=6
[SUPER_AIR] wtouch true -> false at drive-start, cn=0, im=12
[SUPER_AIR] wtouch true -> false at drive-start, cn=0, im=15
[SUPER_AIR] mtouch true -> false at drive-start, cn=0, im=18
[MAX_PLAYERS] frame timing nplayers=30, fase=0, avgMs=48, lastMs=50
[SUPER_AIR] SPACE enabled cn=0, im=15, loop=0, y=-355
[SUPER_AIR] SPACE activation loop=0 -> 1, superAir=true
[SUPER_AIR] effective multipliers rot=1.22, build=1.22, airs=1.0, airc=70
[SUPER_AIR] loop 0 -> 2 at post-space, cn=0, im=15
[SUPER_AIR] superAir false -> true at post-space, cn=0, im=15
[SUPER_AIR] mtouch false -> true at drive-start, cn=0, im=11
[SUPER_AIR] wtouch false -> true at drive-start, cn=0, im=11
[SUPER_AIR] mtouch true -> false at drive-start, cn=0, im=11
[SUPER_AIR] mtouch true -> false at drive-start, cn=0, im=25
[SUPER_AIR] wtouch true -> false at drive-start, cn=0, im=25
[SUPER_AIR] mtouch false -> true at drive-start, cn=0, im=11
[SUPER_AIR] wtouch false -> true at drive-start, cn=0, im=12
[SUPER_AIR] mtouch false -> true at drive-start, cn=0, im=18
[SUPER_AIR] mtouch true -> false at drive-start, cn=0, im=21
[SUPER_AIR] wtouch true -> false at drive-start, cn=0, im=12
[SUPER_AIR] wtouch true -> false at drive-start, cn=0, im=21
[SUPER_AIR] mtouch true -> false at drive-start, cn=0, im=16
[SUPER_AIR] wtouch false -> true at drive-start, cn=0, im=24
[SUPER_AIR] wtouch false -> true at drive-start, cn=0, im=12
[SUPER_AIR] wtouch true -> false at drive-start, cn=0, im=24
[SUPER_AIR] wtouch true -> false at drive-start, cn=0, im=12
[SUPER_AIR] wtouch false -> true at drive-start, cn=0, im=21
[SUPER_AIR] wtouch false -> true at drive-start, cn=0, im=24
[SUPER_AIR] wtouch false -> true at drive-start, cn=6, im=6
[SUPER_AIR] wtouch false -> true at drive-start, cn=0, im=12
[SUPER_AIR] wtouch true -> false at drive-start, cn=0, im=21
[SUPER_AIR] wtouch true -> false at drive-start, cn=0, im=24
[SUPER_AIR] wtouch true -> false at drive-start, cn=0, im=12
[SUPER_AIR] wtouch true -> false at drive-start, cn=6, im=6
[SUPER_AIR] wtouch false -> true at drive-start, cn=0, im=21
[SUPER_AIR] wtouch false -> true at drive-start, cn=0, im=25
[SUPER_AIR] wtouch false -> true at drive-start, cn=6, im=6
[SUPER_AIR] wtouch false -> true at drive-start, cn=0, im=12
[SUPER_AIR] wtouch true -> false at drive-start, cn=0, im=25
[SUPER_AIR] wtouch true -> false at drive-start, cn=6, im=6
[SUPER_AIR] wtouch true -> false at drive-start, cn=0, im=12
[SUPER_AIR] wtouch false -> true at drive-start, cn=0, im=25
[SUPER_AIR] wtouch false -> true at drive-start, cn=6, im=6
[SUPER_AIR] mtouch false -> true at drive-start, cn=0, im=12
[SUPER_AIR] wtouch false -> true at drive-start, cn=0, im=12
[SUPER_AIR] mtouch false -> true at drive-start, cn=0, im=16
[SUPER_AIR] wtouch false -> true at drive-start, cn=0, im=24
[SUPER_AIR] mtouch false -> true at drive-start, cn=6, im=6
[SUPER_AIR] mtouch false -> true at drive-start, cn=0, im=21
[SUPER_AIR] wtouch false -> true at drive-start, cn=0, im=23
[SUPER_AIR] loop 2 -> -1 at post-space, cn=0, im=23
[SUPER_AIR] mtouch false -> true at drive-start, cn=0, im=24
[SUPER_AIR] wtouch true -> false at drive-start, cn=0, im=25
[SUPER_AIR] wtouch false -> true at drive-start, cn=0, im=14
[SUPER_AIR] mtouch true -> false at drive-start, cn=0, im=17
[SUPER_AIR] wtouch true -> false at drive-start, cn=0, im=23
[SUPER_AIR] mtouch true -> false at drive-start, cn=0, im=11
[SUPER_AIR] wtouch true -> false at drive-start, cn=0, im=14
[SUPER_AIR] wtouch false -> true at drive-start, cn=0, im=25
[SUPER_AIR] mtouch false -> true at drive-start, cn=0, im=11
[SUPER_AIR] wtouch true -> false at drive-start, cn=0, im=17
[SUPER_AIR] mtouch true -> false at drive-start, cn=0, im=20
[SUPER_AIR] wtouch true -> false at drive-start, cn=0, im=20
[SUPER_AIR] mtouch false -> true at drive-start, cn=0, im=25
[SUPER_AIR] mtouch true -> false at drive-start, cn=0, im=11
[SUPER_AIR] wtouch false -> true at drive-start, cn=0, im=17
[SUPER_AIR] mtouch true -> false at drive-start, cn=0, im=19
[SUPER_AIR] mtouch false -> true at drive-start, cn=0, im=11
[SUPER_AIR] wtouch false -> true at drive-start, cn=0, im=14
[SUPER_AIR] mtouch false -> true at drive-start, cn=0, im=19
[SUPER_AIR] wtouch false -> true at drive-start, cn=0, im=28
[SUPER_AIR] loop 2 -> -1 at post-space, cn=0, im=28
[SUPER_AIR] wtouch true -> false at drive-start, cn=0, im=14
[SUPER_AIR] wtouch false -> true at drive-start, cn=0, im=15
[SUPER_AIR] loop 2 -> -1 at post-space, cn=0, im=15
[SUPER_AIR] wtouch true -> false at drive-start, cn=0, im=28
[SUPER_AIR] wtouch false -> true at drive-start, cn=0, im=14
[SUPER_AIR] mtouch true -> false at drive-start, cn=0, im=19
[SUPER_AIR] mtouch true -> false at drive-start, cn=5, im=5
[SUPER_AIR] wtouch true -> false at drive-start, cn=0, im=14
[SUPER_AIR] wtouch true -> false at drive-start, cn=0, im=15
[SUPER_AIR] wtouch false -> true at drive-start, cn=0, im=29
[SUPER_AIR] loop 2 -> -1 at post-space, cn=0, im=29
[SUPER_AIR] mtouch true -> false at drive-start, cn=0, im=11
[SUPER_AIR] wtouch false -> true at drive-start, cn=0, im=14
[SUPER_AIR] wtouch true -> false at drive-start, cn=0, im=17
[SUPER_AIR] mtouch false -> true at drive-start, cn=0, im=11
[SUPER_AIR] wtouch false -> true at drive-start, cn=0, im=17
[SUPER_AIR] wtouch false -> true at drive-start, cn=0, im=20
[SUPER_AIR] wtouch true -> false at drive-start, cn=0, im=29
[SUPER_AIR] mtouch true -> false at drive-start, cn=0, im=16
[SUPER_AIR] mtouch true -> false at drive-start, cn=0, im=11
[SUPER_AIR] mtouch false -> true at drive-start, cn=0, im=14
[SUPER_AIR] wtouch true -> false at drive-start, cn=0, im=20
[SUPER_AIR] wtouch true -> false at drive-start, cn=0, im=11
[SUPER_AIR] SPACE enabled cn=0, im=11, loop=0, y=-646
[SUPER_AIR] SPACE activation loop=0 -> 1, superAir=true
[SUPER_AIR] effective multipliers rot=1.22, build=1.22, airs=1.0, airc=70
[SUPER_AIR] loop 0 -> 2 at post-space, cn=0, im=11
[SUPER_AIR] superAir false -> true at post-space, cn=0, im=11
[SUPER_AIR] mtouch false -> true at drive-start, cn=0, im=17
[SUPER_AIR] wtouch true -> false at drive-start, cn=0, im=19
[SUPER_AIR] SPACE enabled cn=0, im=19, loop=0, y=-203
[SUPER_AIR] SPACE activation loop=0 -> 1, superAir=true
[SUPER_AIR] effective multipliers rot=1.22, build=1.22, airs=1.0, airc=70
[SUPER_AIR] loop 0 -> 2 at post-space, cn=0, im=19
[SUPER_AIR] superAir false -> true at post-space, cn=0, im=19
[SUPER_AIR] wtouch false -> true at drive-start, cn=0, im=20
[SUPER_AIR] wtouch true -> false at drive-start, cn=0, im=16
[SUPER_AIR] wtouch true -> false at drive-start, cn=5, im=5
[SUPER_AIR] SPACE enabled cn=0, im=16, loop=0, y=-597
[SUPER_AIR] SPACE activation loop=0 -> 1, superAir=true
[SUPER_AIR] effective multipliers rot=1.22, build=1.22, airs=1.0, airc=70
[SUPER_AIR] loop 0 -> 2 at post-space, cn=0, im=16
[SUPER_AIR] superAir false -> true at post-space, cn=0, im=16
[SUPER_AIR] wtouch false -> true at drive-start, cn=0, im=19
[SUPER_AIR] loop 2 -> -1 at post-space, cn=0, im=19
[SUPER_AIR] mtouch false -> true at drive-start, cn=0, im=20
[SUPER_AIR] mtouch false -> true at drive-start, cn=0, im=23
[SUPER_AIR] wtouch false -> true at drive-start, cn=0, im=23
[SUPER_AIR] disabled on landing cn=0, im=23
[SUPER_AIR] loop -1 -> 0 at post-space, cn=0, im=23
[SUPER_AIR] superAir true -> false at post-space, cn=0, im=23
[SUPER_AIR] mtouch true -> false at drive-start, cn=0, im=23
[SUPER_AIR] wtouch true -> false at drive-start, cn=0, im=23
[SUPER_AIR] wtouch false -> true at drive-start, cn=0, im=28
[SUPER_AIR] wtouch true -> false at drive-start, cn=0, im=19
[SUPER_AIR] SPACE activation loop=-1 -> 1, superAir=true
[SUPER_AIR] loop -1 -> 2 at post-space, cn=0, im=19
[SUPER_AIR] wtouch false -> true at drive-start, cn=0, im=19
[SUPER_AIR] loop 2 -> -1 at post-space, cn=0, im=19
[SUPER_AIR] wtouch true -> false at drive-start, cn=0, im=19
[SUPER_AIR] wtouch false -> true at drive-start, cn=0, im=19
[SUPER_AIR] wtouch false -> true at drive-start, cn=0, im=23
[SUPER_AIR] wtouch true -> false at drive-start, cn=0, im=19
[SUPER_AIR] mtouch false -> true at drive-start, cn=0, im=23
[SUPER_AIR] mtouch false -> true at drive-start, cn=0, im=28
[SUPER_AIR] disabled on landing cn=0, im=28
[SUPER_AIR] loop -1 -> 0 at post-space, cn=0, im=28
[SUPER_AIR] superAir true -> false at post-space, cn=0, im=28
[SUPER_AIR] wtouch false -> true at drive-start, cn=0, im=29
[SUPER_AIR] wtouch false -> true at drive-start, cn=0, im=15
[SUPER_AIR] wtouch true -> false at drive-start, cn=0, im=15
[SUPER_AIR] wtouch true -> false at drive-start, cn=0, im=29
[SUPER_AIR] wtouch false -> true at drive-start, cn=0, im=29
[SUPER_AIR] mtouch false -> true at drive-start, cn=0, im=29
[SUPER_AIR] disabled on landing cn=0, im=29
[SUPER_AIR] loop -1 -> 0 at post-space, cn=0, im=29
[SUPER_AIR] superAir true -> false at post-space, cn=0, im=29
[SUPER_AIR] wtouch false -> true at drive-start, cn=5, im=5
[SUPER_AIR] wtouch false -> true at drive-start, cn=0, im=15
[SUPER_AIR] wtouch true -> false at drive-start, cn=5, im=5
[SUPER_AIR] wtouch false -> true at drive-start, cn=0, im=19
[SUPER_AIR] mtouch false -> true at drive-start, cn=0, im=15
[SUPER_AIR] disabled on landing cn=0, im=15
[SUPER_AIR] loop -1 -> 0 at post-space, cn=0, im=15
[SUPER_AIR] superAir true -> false at post-space, cn=0, im=15
[SUPER_AIR] wtouch true -> false at drive-start, cn=0, im=19
[SUPER_AIR] wtouch false -> true at drive-start, cn=0, im=19
[SUPER_AIR] wtouch false -> true at drive-start, cn=5, im=5
[SUPER_AIR] wtouch true -> false at drive-start, cn=0, im=19
[SUPER_AIR] wtouch true -> false at drive-start, cn=5, im=5
[SUPER_AIR] wtouch false -> true at drive-start, cn=0, im=16
[SUPER_AIR] loop 2 -> -1 at post-space, cn=0, im=16
[SUPER_AIR] wtouch false -> true at drive-start, cn=5, im=5
[SUPER_AIR] wtouch true -> false at drive-start, cn=0, im=16
[SUPER_AIR] mtouch true -> false at drive-start, cn=6, im=0
[SUPER_AIR] wtouch false -> true at drive-start, cn=0, im=11
[SUPER_AIR] loop 2 -> -1 at post-space, cn=0, im=11
[SUPER_AIR] wtouch false -> true at drive-start, cn=0, im=19
[SUPER_AIR] mtouch false -> true at drive-start, cn=5, im=5
[SUPER_AIR] mtouch false -> true at drive-start, cn=6, im=0
[SUPER_AIR] wtouch true -> false at drive-start, cn=0, im=11
[SUPER_AIR] wtouch true -> false at drive-start, cn=0, im=19
[SUPER_AIR] wtouch false -> true at drive-start, cn=0, im=19
[SUPER_AIR] mtouch false -> true at drive-start, cn=0, im=19
[SUPER_AIR] disabled on landing cn=0, im=19
[SUPER_AIR] loop -1 -> 0 at post-space, cn=0, im=19
[SUPER_AIR] superAir true -> false at post-space, cn=0, im=19
[SUPER_AIR] mtouch true -> false at drive-start, cn=6, im=0
[SUPER_AIR] mtouch false -> true at drive-start, cn=6, im=0
[SUPER_AIR] mtouch true -> false at drive-start, cn=6, im=0
[SUPER_AIR] wtouch true -> false at drive-start, cn=6, im=0
[SUPER_AIR] SPACE enabled cn=6, im=0, loop=0, y=-2101
[SUPER_AIR] SPACE activation loop=0 -> 1, superAir=true
[SUPER_AIR] effective multipliers rot=1.22, build=1.22, airs=0.9, airc=40
[SUPER_AIR] loop 0 -> 2 at post-space, cn=6, im=0
[SUPER_AIR] superAir false -> true at post-space, cn=6, im=0
[SUPER_AIR] wtouch false -> true at drive-start, cn=0, im=16
[SUPER_AIR] mtouch true -> false at drive-start, cn=0, im=20
[SUPER_AIR] wtouch true -> false at drive-start, cn=0, im=20
[MAX_PLAYERS] frame timing nplayers=30, fase=0, avgMs=47, lastMs=46
[SUPER_AIR] wtouch true -> false at drive-start, cn=0, im=16
[SUPER_AIR] SPACE activation loop=-1 -> 1, superAir=true
[SUPER_AIR] loop -1 -> 2 at post-space, cn=0, im=16
[SUPER_AIR] mtouch false -> true at drive-start, cn=0, im=11
[SUPER_AIR] wtouch false -> true at drive-start, cn=0, im=11
[SUPER_AIR] disabled on landing cn=0, im=11
[SUPER_AIR] loop -1 -> 0 at post-space, cn=0, im=11
[SUPER_AIR] superAir true -> false at post-space, cn=0, im=11
[SUPER_AIR] mtouch true -> false at drive-start, cn=0, im=11
[SUPER_AIR] wtouch true -> false at drive-start, cn=0, im=11
[SUPER_AIR] mtouch true -> false at drive-start, cn=0, im=24
[SUPER_AIR] mtouch false -> true at drive-start, cn=0, im=24
[SUPER_AIR] mtouch false -> true at drive-start, cn=0, im=11
[SUPER_AIR] wtouch false -> true at drive-start, cn=0, im=11
[SUPER_AIR] mtouch true -> false at drive-start, cn=0, im=24
[SUPER_AIR] wtouch true -> false at drive-start, cn=0, im=24
[SUPER_AIR] SPACE enabled cn=0, im=24, loop=0, y=-1944
[SUPER_AIR] SPACE activation loop=0 -> 1, superAir=true
[SUPER_AIR] effective multipliers rot=1.22, build=1.22, airs=1.0, airc=70
[SUPER_AIR] loop 0 -> 2 at post-space, cn=0, im=24
[SUPER_AIR] superAir false -> true at post-space, cn=0, im=24
[SUPER_AIR] wtouch false -> true at drive-start, cn=0, im=20
[SUPER_AIR] wtouch true -> false at drive-start, cn=0, im=20
[SUPER_AIR] wtouch false -> true at drive-start, cn=0, im=20
[SUPER_AIR] wtouch true -> false at drive-start, cn=0, im=20
[SUPER_AIR] wtouch false -> true at drive-start, cn=0, im=20
[SUPER_AIR] wtouch false -> true at drive-start, cn=0, im=16
[SUPER_AIR] loop 2 -> -1 at post-space, cn=0, im=16
[SUPER_AIR] wtouch true -> false at drive-start, cn=0, im=16
[SUPER_AIR] mtouch false -> true at drive-start, cn=0, im=20
[SUPER_AIR] mtouch true -> false at drive-start, cn=0, im=29
[SUPER_AIR] wtouch false -> true at drive-start, cn=0, im=16
[SUPER_AIR] wtouch true -> false at drive-start, cn=0, im=29
[SUPER_AIR] SPACE enabled cn=0, im=29, loop=0, y=-1353
[SUPER_AIR] SPACE activation loop=0 -> 1, superAir=true
[SUPER_AIR] effective multipliers rot=1.22, build=1.22, airs=1.0, airc=70
[SUPER_AIR] loop 0 -> 2 at post-space, cn=0, im=29
[SUPER_AIR] superAir false -> true at post-space, cn=0, im=29
[SUPER_AIR] wtouch true -> false at drive-start, cn=0, im=16
[SUPER_AIR] wtouch false -> true at drive-start, cn=0, im=16
[SUPER_AIR] wtouch true -> false at drive-start, cn=0, im=16
[SUPER_AIR] mtouch true -> false at drive-start, cn=0, im=28
[SUPER_AIR] wtouch true -> false at drive-start, cn=0, im=28
[SUPER_AIR] SPACE enabled cn=0, im=28, loop=0, y=-134
[SUPER_AIR] SPACE activation loop=0 -> 1, superAir=true
[SUPER_AIR] effective multipliers rot=1.22, build=1.22, airs=1.0, airc=70
[SUPER_AIR] loop 0 -> 2 at post-space, cn=0, im=28
[SUPER_AIR] superAir false -> true at post-space, cn=0, im=28
[SUPER_AIR] wtouch false -> true at drive-start, cn=0, im=16
[SUPER_AIR] mtouch true -> false at drive-start, cn=0, im=27
[SUPER_AIR] mtouch false -> true at drive-start, cn=0, im=16
[SUPER_AIR] disabled on landing cn=0, im=16
[SUPER_AIR] loop -1 -> 0 at post-space, cn=0, im=16
[SUPER_AIR] superAir true -> false at post-space, cn=0, im=16
[SUPER_AIR] wtouch true -> false at drive-start, cn=0, im=27
[SUPER_AIR] SPACE enabled cn=0, im=27, loop=0, y=-418
[SUPER_AIR] SPACE activation loop=0 -> 1, superAir=true
[SUPER_AIR] effective multipliers rot=1.22, build=1.22, airs=1.0, airc=70
[SUPER_AIR] loop 0 -> 2 at post-space, cn=0, im=27
[SUPER_AIR] superAir false -> true at post-space, cn=0, im=27
[SUPER_AIR] mtouch true -> false at drive-start, cn=0, im=21
[SUPER_AIR] wtouch false -> true at drive-start, cn=0, im=28
[SUPER_AIR] loop 2 -> -1 at post-space, cn=0, im=28
[SUPER_AIR] wtouch true -> false at drive-start, cn=0, im=28
[SUPER_AIR] wtouch true -> false at drive-start, cn=0, im=21
[SUPER_AIR] SPACE enabled cn=0, im=21, loop=0, y=-72
[SUPER_AIR] SPACE activation loop=0 -> 1, superAir=true
[SUPER_AIR] effective multipliers rot=1.22, build=1.22, airs=1.0, airc=70
[SUPER_AIR] loop 0 -> 2 at post-space, cn=0, im=21
[SUPER_AIR] superAir false -> true at post-space, cn=0, im=21
[SUPER_AIR] wtouch false -> true at drive-start, cn=6, im=0
[SUPER_AIR] loop 2 -> -1 at post-space, cn=6, im=0
[SUPER_AIR] wtouch false -> true at drive-start, cn=0, im=28
[SUPER_AIR] wtouch true -> false at drive-start, cn=6, im=0
[SUPER_AIR] mtouch false -> true at drive-start, cn=0, im=28
[SUPER_AIR] disabled on landing cn=0, im=28
[SUPER_AIR] loop -1 -> 0 at post-space, cn=0, im=28
[SUPER_AIR] superAir true -> false at post-space, cn=0, im=28
[SUPER_AIR] wtouch false -> true at drive-start, cn=0, im=27
[SUPER_AIR] loop 2 -> -1 at post-space, cn=0, im=27
[SUPER_AIR] wtouch true -> false at drive-start, cn=0, im=27
[SUPER_AIR] mtouch false -> true at drive-start, cn=0, im=24
[SUPER_AIR] wtouch false -> true at drive-start, cn=0, im=24
[SUPER_AIR] disabled on landing cn=0, im=24
[SUPER_AIR] loop 2 -> 0 at post-space, cn=0, im=24
[SUPER_AIR] superAir true -> false at post-space, cn=0, im=24
[SUPER_AIR] mtouch true -> false at drive-start, cn=0, im=24
[SUPER_AIR] wtouch true -> false at drive-start, cn=0, im=24
[SUPER_AIR] wtouch false -> true at drive-start, cn=0, im=21
[SUPER_AIR] loop 2 -> -1 at post-space, cn=0, im=21
[SUPER_AIR] wtouch true -> false at drive-start, cn=0, im=21
[SUPER_AIR] wtouch false -> true at drive-start, cn=0, im=27
[SUPER_AIR] wtouch true -> false at drive-start, cn=0, im=27
[SUPER_AIR] wtouch false -> true at drive-start, cn=0, im=27
[SUPER_AIR] mtouch false -> true at drive-start, cn=0, im=27
[SUPER_AIR] disabled on landing cn=0, im=27
[SUPER_AIR] loop -1 -> 0 at post-space, cn=0, im=27
[SUPER_AIR] superAir true -> false at post-space, cn=0, im=27
[SUPER_AIR] mtouch false -> true at drive-start, cn=0, im=21
[SUPER_AIR] wtouch false -> true at drive-start, cn=0, im=21
[SUPER_AIR] disabled on landing cn=0, im=21
[SUPER_AIR] loop -1 -> 0 at post-space, cn=0, im=21
[SUPER_AIR] superAir true -> false at post-space, cn=0, im=21
[SUPER_AIR] mtouch false -> true at drive-start, cn=0, im=24
[SUPER_AIR] wtouch false -> true at drive-start, cn=0, im=24
[SUPER_AIR] mtouch true -> false at drive-start, cn=0, im=19
[SUPER_AIR] mtouch false -> true at drive-start, cn=0, im=19
[SUPER_AIR] wtouch false -> true at drive-start, cn=0, im=29
[SUPER_AIR] loop 2 -> -1 at post-space, cn=0, im=29
[SUPER_AIR] wtouch false -> true at drive-start, cn=6, im=0
[SUPER_AIR] wtouch true -> false at drive-start, cn=0, im=29
[SUPER_AIR] mtouch true -> false at drive-start, cn=0, im=19
[SUPER_AIR] wtouch true -> false at drive-start, cn=0, im=19
[SUPER_AIR] wtouch true -> false at drive-start, cn=6, im=0
[MAX_PLAYERS] frame timing nplayers=30, fase=0, avgMs=48, lastMs=48
[SUPER_AIR] wtouch false -> true at drive-start, cn=6, im=0
[SUPER_AIR] wtouch true -> false at drive-start, cn=6, im=0
[SUPER_AIR] wtouch false -> true at drive-start, cn=6, im=0
[SUPER_AIR] mtouch false -> true at drive-start, cn=6, im=0
[SUPER_AIR] disabled on landing cn=6, im=0
[SUPER_AIR] loop -1 -> 0 at post-space, cn=6, im=0
[SUPER_AIR] superAir true -> false at post-space, cn=6, im=0
[SUPER_AIR] mtouch true -> false at drive-start, cn=0, im=9
[SUPER_AIR] wtouch true -> false at drive-start, cn=0, im=9
[SUPER_AIR] wtouch false -> true at drive-start, cn=0, im=9
[SUPER_AIR] mtouch false -> true at drive-start, cn=0, im=9
[SUPER_AIR] wtouch false -> true at drive-start, cn=0, im=29
[SUPER_AIR] wtouch true -> false at drive-start, cn=0, im=29
[SUPER_AIR] wtouch false -> true at drive-start, cn=0, im=29
[SUPER_AIR] mtouch false -> true at drive-start, cn=0, im=29
[SUPER_AIR] disabled on landing cn=0, im=29
[SUPER_AIR] loop -1 -> 0 at post-space, cn=0, im=29
[SUPER_AIR] superAir true -> false at post-space, cn=0, im=29
[SUPER_AIR] mtouch true -> false at drive-start, cn=6, im=0
[SUPER_AIR] mtouch false -> true at drive-start, cn=6, im=0
[SUPER_AIR] mtouch true -> false at drive-start, cn=6, im=0
[SUPER_AIR] wtouch true -> false at drive-start, cn=6, im=0
[SUPER_AIR] mtouch false -> true at drive-start, cn=0, im=19
[SUPER_AIR] wtouch false -> true at drive-start, cn=0, im=19
[SUPER_AIR] mtouch true -> false at drive-start, cn=0, im=19
[SUPER_AIR] wtouch true -> false at drive-start, cn=0, im=19
[SUPER_AIR] SPACE enabled cn=0, im=19, loop=0, y=67
[SUPER_AIR] SPACE activation loop=0 -> 1, superAir=true
[SUPER_AIR] effective multipliers rot=1.22, build=1.22, airs=1.0, airc=70
[SUPER_AIR] loop 0 -> 2 at post-space, cn=0, im=19
[SUPER_AIR] superAir false -> true at post-space, cn=0, im=19
[SUPER_AIR] SPACE enabled cn=6, im=0, loop=0, y=-605
[SUPER_AIR] SPACE activation loop=0 -> 1, superAir=true
[SUPER_AIR] effective multipliers rot=1.22, build=1.22, airs=0.9, airc=40
[SUPER_AIR] loop 0 -> 2 at post-space, cn=6, im=0
[SUPER_AIR] superAir false -> true at post-space, cn=6, im=0
[SUPER_AIR] mtouch true -> false at drive-start, cn=0, im=17
[SUPER_AIR] wtouch true -> false at drive-start, cn=0, im=17
[SUPER_AIR] mtouch true -> false at drive-start, cn=0, im=24
[SUPER_AIR] mtouch true -> false at drive-start, cn=0, im=25
[SUPER_AIR] wtouch true -> false at drive-start, cn=0, im=24
[SUPER_AIR] wtouch true -> false at drive-start, cn=0, im=25
[SUPER_AIR] wtouch false -> true at drive-start, cn=0, im=25
[SUPER_AIR] wtouch false -> true at drive-start, cn=0, im=17
[SUPER_AIR] wtouch false -> true at drive-start, cn=0, im=19
[SUPER_AIR] loop 2 -> -1 at post-space, cn=0, im=19
[SUPER_AIR] wtouch true -> false at drive-start, cn=0, im=25
[SUPER_AIR] wtouch true -> false at drive-start, cn=0, im=19
[SUPER_AIR] wtouch false -> true at drive-start, cn=0, im=25
[SUPER_AIR] wtouch true -> false at drive-start, cn=0, im=17
[SUPER_AIR] wtouch true -> false at drive-start, cn=0, im=25
[SUPER_AIR] wtouch false -> true at drive-start, cn=0, im=25
[SUPER_AIR] wtouch false -> true at drive-start, cn=0, im=17
[SUPER_AIR] mtouch false -> true at drive-start, cn=0, im=25
[SUPER_AIR] mtouch false -> true at drive-start, cn=0, im=17
[SUPER_AIR] wtouch false -> true at drive-start, cn=6, im=0
[SUPER_AIR] loop 2 -> -1 at post-space, cn=6, im=0
[SUPER_AIR] wtouch true -> false at drive-start, cn=6, im=0
[SUPER_AIR] wtouch false -> true at drive-start, cn=0, im=24
[SUPER_AIR] wtouch true -> false at drive-start, cn=0, im=24
[SUPER_AIR] wtouch false -> true at drive-start, cn=0, im=24
[SUPER_AIR] wtouch false -> true at drive-start, cn=6, im=0
[SUPER_AIR] wtouch false -> true at drive-start, cn=0, im=19
[SUPER_AIR] wtouch true -> false at drive-start, cn=0, im=24
[SUPER_AIR] mtouch false -> true at drive-start, cn=6, im=0
[SUPER_AIR] disabled on landing cn=6, im=0
[SUPER_AIR] loop -1 -> 0 at post-space, cn=6, im=0
[SUPER_AIR] superAir true -> false at post-space, cn=6, im=0
[MAX_PLAYERS] frame timing nplayers=30, fase=0, avgMs=48, lastMs=46
[SUPER_AIR] wtouch false -> true at drive-start, cn=0, im=24
[SUPER_AIR] wtouch true -> false at drive-start, cn=0, im=19
[SUPER_AIR] mtouch false -> true at drive-start, cn=0, im=24
[SUPER_AIR] mtouch true -> false at drive-start, cn=0, im=24
[SUPER_AIR] wtouch true -> false at drive-start, cn=0, im=24
[SUPER_AIR] wtouch false -> true at drive-start, cn=0, im=24
[SUPER_AIR] mtouch false -> true at drive-start, cn=0, im=24
[SUPER_AIR] mtouch true -> false at drive-start, cn=0, im=24
[SUPER_AIR] wtouch false -> true at drive-start, cn=0, im=19
[SUPER_AIR] wtouch true -> false at drive-start, cn=0, im=24
[SUPER_AIR] mtouch false -> true at drive-start, cn=0, im=19
[SUPER_AIR] disabled on landing cn=0, im=19
[SUPER_AIR] loop -1 -> 0 at post-space, cn=0, im=19
[SUPER_AIR] superAir true -> false at post-space, cn=0, im=19
[SUPER_AIR] mtouch true -> false at drive-start, cn=0, im=16
[SUPER_AIR] wtouch false -> true at drive-start, cn=0, im=24
[SUPER_AIR] wtouch true -> false at drive-start, cn=0, im=24
[SUPER_AIR] wtouch true -> false at drive-start, cn=0, im=16
[SUPER_AIR] SPACE enabled cn=0, im=16, loop=0, y=-383
[SUPER_AIR] SPACE activation loop=0 -> 1, superAir=true
[SUPER_AIR] effective multipliers rot=1.22, build=1.22, airs=1.0, airc=70
[SUPER_AIR] loop 0 -> 2 at post-space, cn=0, im=16
[SUPER_AIR] superAir false -> true at post-space, cn=0, im=16
[SUPER_AIR] mtouch false -> true at drive-start, cn=0, im=24
[SUPER_AIR] wtouch false -> true at drive-start, cn=0, im=24
[SUPER_AIR] mtouch true -> false at drive-start, cn=0, im=24
[SUPER_AIR] wtouch false -> true at drive-start, cn=0, im=16
[SUPER_AIR] loop 2 -> -1 at post-space, cn=0, im=16
[SUPER_AIR] wtouch true -> false at drive-start, cn=0, im=24
[SUPER_AIR] wtouch true -> false at drive-start, cn=0, im=16
[SUPER_AIR] wtouch false -> true at drive-start, cn=0, im=16
[SUPER_AIR] wtouch true -> false at drive-start, cn=0, im=16
[SUPER_AIR] mtouch false -> true at drive-start, cn=0, im=16
[SUPER_AIR] wtouch false -> true at drive-start, cn=0, im=16
[SUPER_AIR] disabled on landing cn=0, im=16
[SUPER_AIR] loop -1 -> 0 at post-space, cn=0, im=16
[SUPER_AIR] superAir true -> false at post-space, cn=0, im=16
[SUPER_AIR] wtouch false -> true at drive-start, cn=0, im=24
[SUPER_AIR] wtouch true -> false at drive-start, cn=0, im=24
[SUPER_AIR] wtouch false -> true at drive-start, cn=0, im=24
[SUPER_AIR] wtouch true -> false at drive-start, cn=0, im=24
[SUPER_AIR] wtouch false -> true at drive-start, cn=0, im=24
[SUPER_AIR] mtouch false -> true at drive-start, cn=0, im=24
[MAX_PLAYERS] frame timing nplayers=30, fase=0, avgMs=48, lastMs=49
[SUPER_AIR] mtouch true -> false at drive-start, cn=0, im=17
[SUPER_AIR] mtouch true -> false at drive-start, cn=0, im=9
[SUPER_AIR] wtouch true -> false at drive-start, cn=0, im=9
[SUPER_AIR] wtouch true -> false at drive-start, cn=0, im=17
[SUPER_AIR] wtouch false -> true at drive-start, cn=0, im=9
[SUPER_AIR] wtouch true -> false at drive-start, cn=0, im=9
[SUPER_AIR] wtouch false -> true at drive-start, cn=0, im=9
[SUPER_AIR] mtouch false -> true at drive-start, cn=0, im=9
[SUPER_AIR] wtouch false -> true at drive-start, cn=0, im=17
[SUPER_AIR] wtouch true -> false at drive-start, cn=0, im=17
[SUPER_AIR] wtouch false -> true at drive-start, cn=0, im=17
[SUPER_AIR] mtouch false -> true at drive-start, cn=0, im=17
[SUPER_AIR] mtouch true -> false at drive-start, cn=0, im=9
[SUPER_AIR] wtouch true -> false at drive-start, cn=0, im=9
[SUPER_AIR] wtouch false -> true at drive-start, cn=0, im=9
[SUPER_AIR] wtouch true -> false at drive-start, cn=0, im=9
[SUPER_AIR] mtouch true -> false at drive-start, cn=0, im=28
[SUPER_AIR] wtouch false -> true at drive-start, cn=0, im=9
[SUPER_AIR] wtouch true -> false at drive-start, cn=0, im=28
[SUPER_AIR] SPACE enabled cn=0, im=28, loop=0, y=-231
[SUPER_AIR] SPACE activation loop=0 -> 1, superAir=true
[SUPER_AIR] effective multipliers rot=1.22, build=1.22, airs=1.0, airc=70
[SUPER_AIR] loop 0 -> 2 at post-space, cn=0, im=28
[SUPER_AIR] superAir false -> true at post-space, cn=0, im=28
[SUPER_AIR] wtouch true -> false at drive-start, cn=0, im=9
[SUPER_AIR] wtouch false -> true at drive-start, cn=0, im=9
[SUPER_AIR] mtouch false -> true at drive-start, cn=0, im=9
[SUPER_AIR] mtouch true -> false at drive-start, cn=0, im=24
[SUPER_AIR] wtouch true -> false at drive-start, cn=0, im=24
[SUPER_AIR] SPACE enabled cn=0, im=24, loop=0, y=-1848
[SUPER_AIR] SPACE activation loop=0 -> 1, superAir=true
[SUPER_AIR] effective multipliers rot=1.22, build=1.22, airs=1.0, airc=70
[SUPER_AIR] loop 0 -> 2 at post-space, cn=0, im=24
[SUPER_AIR] superAir false -> true at post-space, cn=0, im=24
[SUPER_AIR] mtouch true -> false at drive-start, cn=0, im=8
[SUPER_AIR] mtouch false -> true at drive-start, cn=0, im=8
[SUPER_AIR] mtouch true -> false at drive-start, cn=0, im=29
[SUPER_AIR] wtouch true -> false at drive-start, cn=0, im=29
[SUPER_AIR] SPACE enabled cn=0, im=29, loop=0, y=-266
[SUPER_AIR] SPACE activation loop=0 -> 1, superAir=true
[SUPER_AIR] effective multipliers rot=1.22, build=1.22, airs=1.0, airc=70
[SUPER_AIR] loop 0 -> 2 at post-space, cn=0, im=29
[SUPER_AIR] superAir false -> true at post-space, cn=0, im=29
[SUPER_AIR] wtouch false -> true at drive-start, cn=0, im=28
[SUPER_AIR] loop 2 -> -1 at post-space, cn=0, im=28
[SUPER_AIR] wtouch true -> false at drive-start, cn=0, im=28
[SUPER_AIR] wtouch false -> true at drive-start, cn=0, im=29
[SUPER_AIR] loop 2 -> -1 at post-space, cn=0, im=29
[MAX_PLAYERS] frame timing nplayers=30, fase=0, avgMs=48, lastMs=49
[SUPER_AIR] wtouch true -> false at drive-start, cn=0, im=29
[SUPER_AIR] SPACE activation loop=-1 -> 1, superAir=true
[SUPER_AIR] loop -1 -> 2 at post-space, cn=0, im=29
[SUPER_AIR] wtouch false -> true at drive-start, cn=0, im=28
[SUPER_AIR] mtouch true -> false at drive-start, cn=0, im=16
[SUPER_AIR] mtouch true -> false at drive-start, cn=0, im=14
[SUPER_AIR] wtouch true -> false at drive-start, cn=0, im=16
[SUPER_AIR] wtouch true -> false at drive-start, cn=0, im=14
[SUPER_AIR] SPACE enabled cn=0, im=14, loop=0, y=128
[SUPER_AIR] SPACE activation loop=0 -> 1, superAir=true
[SUPER_AIR] effective multipliers rot=1.22, build=1.22, airs=1.0, airc=70
[SUPER_AIR] loop 0 -> 2 at post-space, cn=0, im=14
[SUPER_AIR] superAir false -> true at post-space, cn=0, im=14
[SUPER_AIR] mtouch false -> true at drive-start, cn=0, im=28
[SUPER_AIR] disabled on landing cn=0, im=28
[SUPER_AIR] loop -1 -> 0 at post-space, cn=0, im=28
[SUPER_AIR] superAir true -> false at post-space, cn=0, im=28
[SUPER_AIR] wtouch false -> true at drive-start, cn=0, im=16
[SUPER_AIR] wtouch true -> false at drive-start, cn=0, im=16
[SUPER_AIR] wtouch false -> true at drive-start, cn=0, im=16
[SUPER_AIR] mtouch false -> true at drive-start, cn=0, im=16
[SUPER_AIR] wtouch false -> true at drive-start, cn=0, im=24
[SUPER_AIR] loop 2 -> -1 at post-space, cn=0, im=24
[SUPER_AIR] wtouch true -> false at drive-start, cn=0, im=24
[SUPER_AIR] wtouch false -> true at drive-start, cn=0, im=29
[SUPER_AIR] loop 2 -> -1 at post-space, cn=0, im=29
[SUPER_AIR] wtouch false -> true at drive-start, cn=0, im=14
[SUPER_AIR] loop 2 -> -1 at post-space, cn=0, im=14
[SUPER_AIR] wtouch true -> false at drive-start, cn=0, im=14
[SUPER_AIR] wtouch true -> false at drive-start, cn=0, im=29
[SUPER_AIR] wtouch false -> true at drive-start, cn=0, im=14
[SUPER_AIR] wtouch true -> false at drive-start, cn=0, im=14
[SUPER_AIR] wtouch false -> true at drive-start, cn=0, im=14
[SUPER_AIR] mtouch false -> true at drive-start, cn=0, im=14
[SUPER_AIR] disabled on landing cn=0, im=14
[SUPER_AIR] loop -1 -> 0 at post-space, cn=0, im=14
[SUPER_AIR] superAir true -> false at post-space, cn=0, im=14
[SUPER_AIR] mtouch true -> false at drive-start, cn=0, im=28
[SUPER_AIR] mtouch false -> true at drive-start, cn=0, im=28
[SUPER_AIR] mtouch true -> false at drive-start, cn=0, im=28
[SUPER_AIR] wtouch true -> false at drive-start, cn=0, im=28
[SUPER_AIR] wtouch false -> true at drive-start, cn=0, im=29
[SUPER_AIR] mtouch false -> true at drive-start, cn=0, im=29
[SUPER_AIR] disabled on landing cn=0, im=29
[SUPER_AIR] loop -1 -> 0 at post-space, cn=0, im=29
[SUPER_AIR] superAir true -> false at post-space, cn=0, im=29
[SUPER_AIR] mtouch true -> false at drive-start, cn=0, im=29
[SUPER_AIR] wtouch true -> false at drive-start, cn=0, im=29
[SUPER_AIR] wtouch false -> true at drive-start, cn=0, im=24
[SUPER_AIR] wtouch true -> false at drive-start, cn=0, im=24
[SUPER_AIR] wtouch false -> true at drive-start, cn=0, im=29
[SUPER_AIR] wtouch true -> false at drive-start, cn=0, im=29
[SUPER_AIR] wtouch false -> true at drive-start, cn=0, im=29
[SUPER_AIR] mtouch false -> true at drive-start, cn=0, im=29
[SUPER_AIR] wtouch false -> true at drive-start, cn=0, im=28
[SUPER_AIR] wtouch true -> false at drive-start, cn=0, im=28
[SUPER_AIR] wtouch false -> true at drive-start, cn=0, im=28
[SUPER_AIR] wtouch true -> false at drive-start, cn=0, im=28
[SUPER_AIR] wtouch false -> true at drive-start, cn=0, im=24
[SUPER_AIR] wtouch true -> false at drive-start, cn=0, im=24
[SUPER_AIR] mtouch true -> false at drive-start, cn=0, im=26
[SUPER_AIR] wtouch true -> false at drive-start, cn=0, im=26
[SUPER_AIR] wtouch false -> true at drive-start, cn=0, im=24
[SUPER_AIR] mtouch false -> true at drive-start, cn=0, im=24
[SUPER_AIR] disabled on landing cn=0, im=24
[SUPER_AIR] loop -1 -> 0 at post-space, cn=0, im=24
[SUPER_AIR] superAir true -> false at post-space, cn=0, im=24
[SUPER_AIR] wtouch false -> true at drive-start, cn=0, im=28
[SUPER_AIR] wtouch true -> false at drive-start, cn=0, im=28
[SUPER_AIR] wtouch false -> true at drive-start, cn=0, im=26
[SUPER_AIR] wtouch true -> false at drive-start, cn=0, im=26
[SUPER_AIR] wtouch false -> true at drive-start, cn=0, im=28
[SUPER_AIR] wtouch false -> true at drive-start, cn=0, im=26
[SUPER_AIR] mtouch false -> true at drive-start, cn=0, im=28
[SUPER_AIR] mtouch false -> true at drive-start, cn=0, im=26
[MAX_PLAYERS] frame timing nplayers=30, fase=0, avgMs=48, lastMs=49
[SUPER_AIR] mtouch true -> false at drive-start, cn=0, im=24
[SUPER_AIR] mtouch false -> true at drive-start, cn=0, im=24
[SUPER_AIR] mtouch true -> false at drive-start, cn=0, im=24
[SUPER_AIR] wtouch true -> false at drive-start, cn=0, im=24
[SUPER_AIR] wtouch false -> true at drive-start, cn=0, im=24
[SUPER_AIR] wtouch true -> false at drive-start, cn=0, im=24
